\BOOKMARK [0][-]{chapter.1}{\376\377\163\257\130\203}{}% 1
\BOOKMARK [1][-]{section.1.1}{\376\377\202\361\145\207\163\257\130\203}{chapter.1}% 2
\BOOKMARK [1][-]{section.1.2}{\376\377\116\055\145\207\163\257\130\203}{chapter.1}% 3
\BOOKMARK [1][-]{section.1.3}{\376\377\142\113\122\250\133\211\210\305\133\217\123\005}{chapter.1}% 4
\BOOKMARK [1][-]{section.1.4}{\376\377\000l\000a\000t\000e\000x\217\154\000w\000o\000r\000d}{chapter.1}% 5
\BOOKMARK [0][-]{chapter.2}{\376\377\136\070\165\050\143\007\116\344}{}% 6
\BOOKMARK [1][-]{section.2.1}{\376\377\145\207\150\143}{chapter.2}% 7
\BOOKMARK [2][-]{subsection.2.1.1}{\376\377\226\104\137\125}{section.2.1}% 8
\BOOKMARK [2][-]{subsection.2.1.2}{\376\377\213\276\177\156\230\165\217\271\215\335}{section.2.1}% 9
\BOOKMARK [2][-]{subsection.2.1.3}{\376\377\215\205\224\376\143\245}{section.2.1}% 10
\BOOKMARK [2][-]{subsection.2.1.4}{\376\377\150\007\134\072\166\322\133\120}{section.2.1}% 11
\BOOKMARK [2][-]{subsection.2.1.5}{\376\377\142\204\137\125}{section.2.1}% 12
\BOOKMARK [2][-]{subsection.2.1.6}{\376\377\131\015\147\102\142\204\137\125}{section.2.1}% 13
\BOOKMARK [1][-]{section.2.2}{\376\377\210\150\150\074}{chapter.2}% 14
\BOOKMARK [2][-]{subsection.2.2.1}{\376\377\116\011\176\277\210\150}{section.2.2}% 15
\BOOKMARK [2][-]{subsection.2.2.2}{\376\377\124\010\136\166\210\114\122\027}{section.2.2}% 16
\BOOKMARK [2][-]{subsection.2.2.3}{\376\377\210\150\150\074\176\330\122\066\135\345\121\167}{section.2.2}% 17
\BOOKMARK [1][-]{section.2.3}{\376\377\143\322\126\376}{chapter.2}% 18
\BOOKMARK [2][-]{subsection.2.3.1}{\376\377\116\000\137\040\126\376}{section.2.3}% 19
\BOOKMARK [2][-]{subsection.2.3.2}{\376\377\000m\210\114\000n\122\027\137\040\126\376}{section.2.3}% 20
\BOOKMARK [2][-]{subsection.2.3.3}{\376\377\122\250\165\073}{section.2.3}% 21
