This is XeTeX, Version 3.1415926-2.3-0.9997.5 (MiKTeX 2.9) (preloaded format=xelatex 2018.7.9)  6 MAR 2019 17:53
entering extended mode
**d:/Desktop/Latex_lonelybag/Script/001_gif/001gif
(d:/Desktop/Latex_lonelybag/Script/001_gif/001gif.tex
LaTeX2e <2011/06/27>
Babel <v3.8m> and hyphenation patterns for loaded.
(D:\CTEX\MiKTeX\tex\latex\base\article.cls
Document Class: article 2007/10/19 v1.4h Standard LaTeX document class
(D:\CTEX\MiKTeX\tex\latex\base\size10.clo
File: size10.clo 2007/10/19 v1.4h Standard LaTeX file (size option)
)
\c@part=\count80
\c@section=\count81
\c@subsection=\count82
\c@subsubsection=\count83
\c@paragraph=\count84
\c@subparagraph=\count85
\c@figure=\count86
\c@table=\count87
\abovecaptionskip=\skip41
\belowcaptionskip=\skip42
\bibindent=\dimen102
) (D:\CTEX\MiKTeX\tex\latex\graphics\graphicx.sty
Package: graphicx 1999/02/16 v1.0f Enhanced LaTeX Graphics (DPC,SPQR)
 (D:\CTEX\MiKTeX\tex\latex\graphics\keyval.sty
Package: keyval 1999/03/16 v1.13 key=value parser (DPC)
\KV@toks@=\toks14
) (D:\CTEX\MiKTeX\tex\latex\graphics\graphics.sty
Package: graphics 2009/02/05 v1.0o Standard LaTeX Graphics (DPC,SPQR)
 (D:\CTEX\MiKTeX\tex\latex\graphics\trig.sty
Package: trig 1999/03/16 v1.09 sin cos tan (DPC)
) (D:\CTEX\MiKTeX\tex\latex\00miktex\graphics.cfg
File: graphics.cfg 2007/01/18 v1.5 graphics configuration of teTeX/TeXLive
)
Package graphics Info: Driver file: xetex.def on input line 91.
 (D:\CTEX\MiKTeX\tex\xelatex\xetex-def\xetex.def
File: xetex.def 2009/11/22 v0.94 LaTeX color/graphics driver for XeTeX (RRM/JK)
))
\Gin@req@height=\dimen103
\Gin@req@width=\dimen104
) (D:\CTEX\MiKTeX\tex\latex\animate\animate.sty
Package: animate 2011/12/20 PDF animations from files and inline graphics
 (D:\CTEX\MiKTeX\tex\latex\base\ifthen.sty
Package: ifthen 2001/05/26 v1.1c Standard LaTeX ifthen package (DPC)
) (D:\CTEX\MiKTeX\tex\generic\oberdiek\ifpdf.sty
Package: ifpdf 2011/01/30 v2.3 Provides the ifpdf switch (HO)
Package ifpdf Info: pdfTeX in PDF mode is not detected.
) (D:\CTEX\MiKTeX\tex\latex\oberdiek\ifdraft.sty
Package: ifdraft 2008/08/11 v1.3 Switch for option draft (HO)
) (D:\CTEX\MiKTeX\tex\latex\tools\calc.sty
Package: calc 2007/08/22 v4.3 Infix arithmetic (KKT,FJ)
\calc@Acount=\count88
\calc@Bcount=\count89
\calc@Adimen=\dimen105
\calc@Bdimen=\dimen106
\calc@Askip=\skip43
\calc@Bskip=\skip44
LaTeX Info: Redefining \setlength on input line 76.
LaTeX Info: Redefining \addtolength on input line 77.
\calc@Ccount=\count90
\calc@Cskip=\skip45
) (D:\CTEX\MiKTeX\tex\latex\animate\animfp.sty
Package: animfp 2009/07/23 fixed point addition for animate.sty
\afp@xs=\count91
\afp@xia=\count92
\afp@xib=\count93
\afp@xfa=\count94
\afp@xfb=\count95
\afp@rega=\count96
\afp@regb=\count97
\afp@regs=\count98
)
\@anim@fieldnum=\count99
\@anim@box=\box26
\@anim@tmpdima=\dimen107
\@anim@tmpdimb=\dimen108
\@anim@num=\count100
\@anim@curframe=\count101
\@anim@curframe@zb=\count102
\@anim@resize=\count103
\@anim@skipfram=\count104
\@anim@mulframecnt=\count105
\@anim@@tmlnfile=\read1
\@anim@tmpcnt=\count106
\c@@anim@ltxcnt=\count107
\@anim@curlayer=\count108
\@anim@lineno=\count109
\@anim@begin=\toks15
\@anim@end=\toks16
) (d:\Desktop\Latex_lonelybag\Script\001_gif\001gif.aux)
LaTeX Font Info:    Checking defaults for OML/cmm/m/it on input line 5.
LaTeX Font Info:    ... okay on input line 5.
LaTeX Font Info:    Checking defaults for T1/cmr/m/n on input line 5.
LaTeX Font Info:    ... okay on input line 5.
LaTeX Font Info:    Checking defaults for OT1/cmr/m/n on input line 5.
LaTeX Font Info:    ... okay on input line 5.
LaTeX Font Info:    Checking defaults for OMS/cmsy/m/n on input line 5.
LaTeX Font Info:    ... okay on input line 5.
LaTeX Font Info:    Checking defaults for OMX/cmex/m/n on input line 5.
LaTeX Font Info:    ... okay on input line 5.
LaTeX Font Info:    Checking defaults for U/cmr/m/n on input line 5.
LaTeX Font Info:    ... okay on input line 5.
File: gif//1011.jpg Graphic file (type QTm)
 <use  "gif//1011.jpg" >

Package xetex.def Warning: No clipping support in XeTeX yet on input line 9.

File: gif//1012.jpg Graphic file (type QTm)
<use  "gif//1012.jpg" >

Package xetex.def Warning: No clipping support in XeTeX yet on input line 9.

File: gif//1013.jpg Graphic file (type QTm)
<use  "gif//1013.jpg" >

Package xetex.def Warning: No clipping support in XeTeX yet on input line 9.

File: gif//1014.jpg Graphic file (type QTm)
<use  "gif//1014.jpg" >

Package xetex.def Warning: No clipping support in XeTeX yet on input line 9.

File: gif//1015.jpg Graphic file (type QTm)
<use  "gif//1015.jpg" >

Package xetex.def Warning: No clipping support in XeTeX yet on input line 9.

File: gif//1016.jpg Graphic file (type QTm)
<use  "gif//1016.jpg" >

Package xetex.def Warning: No clipping support in XeTeX yet on input line 9.

File: gif//1017.jpg Graphic file (type QTm)
<use  "gif//1017.jpg" >

Package xetex.def Warning: No clipping support in XeTeX yet on input line 9.

File: gif//1018.jpg Graphic file (type QTm)
<use  "gif//1018.jpg" >

Package xetex.def Warning: No clipping support in XeTeX yet on input line 9.

File: gif//1019.jpg Graphic file (type QTm)
<use  "gif//1019.jpg" >

Package xetex.def Warning: No clipping support in XeTeX yet on input line 9.

File: gif//1020.jpg Graphic file (type QTm)
<use  "gif//1020.jpg" >

Package xetex.def Warning: No clipping support in XeTeX yet on input line 9.

File: gif//1021.jpg Graphic file (type QTm)
<use  "gif//1021.jpg" >

Package xetex.def Warning: No clipping support in XeTeX yet on input line 9.

File: gif//1022.jpg Graphic file (type QTm)
<use  "gif//1022.jpg" >

Package xetex.def Warning: No clipping support in XeTeX yet on input line 9.

File: gif//1023.jpg Graphic file (type QTm)
<use  "gif//1023.jpg" >

Package xetex.def Warning: No clipping support in XeTeX yet on input line 9.

File: gif//1024.jpg Graphic file (type QTm)
<use  "gif//1024.jpg" >

Package xetex.def Warning: No clipping support in XeTeX yet on input line 9.

File: gif//1025.jpg Graphic file (type QTm)
<use  "gif//1025.jpg" >

Package xetex.def Warning: No clipping support in XeTeX yet on input line 9.

File: gif//1026.jpg Graphic file (type QTm)
<use  "gif//1026.jpg" >

Package xetex.def Warning: No clipping support in XeTeX yet on input line 9.

File: gif//1027.jpg Graphic file (type QTm)
<use  "gif//1027.jpg" >

Package xetex.def Warning: No clipping support in XeTeX yet on input line 9.

File: gif//1028.jpg Graphic file (type QTm)
<use  "gif//1028.jpg" >

Package xetex.def Warning: No clipping support in XeTeX yet on input line 9.

File: gif//1029.jpg Graphic file (type QTm)
<use  "gif//1029.jpg" >

Package xetex.def Warning: No clipping support in XeTeX yet on input line 9.

File: gif//1030.jpg Graphic file (type QTm)
<use  "gif//1030.jpg" >

Package xetex.def Warning: No clipping support in XeTeX yet on input line 9.

File: gif//1031.jpg Graphic file (type QTm)
<use  "gif//1031.jpg" >

Package xetex.def Warning: No clipping support in XeTeX yet on input line 9.

File: gif//1032.jpg Graphic file (type QTm)
<use  "gif//1032.jpg" >

Package xetex.def Warning: No clipping support in XeTeX yet on input line 9.

File: gif//1033.jpg Graphic file (type QTm)
<use  "gif//1033.jpg" >

Package xetex.def Warning: No clipping support in XeTeX yet on input line 9.

File: gif//1034.jpg Graphic file (type QTm)
<use  "gif//1034.jpg" >

Package xetex.def Warning: No clipping support in XeTeX yet on input line 9.

File: gif//1035.jpg Graphic file (type QTm)
<use  "gif//1035.jpg" >

Package xetex.def Warning: No clipping support in XeTeX yet on input line 9.

File: gif//1036.jpg Graphic file (type QTm)
<use  "gif//1036.jpg" >

Package xetex.def Warning: No clipping support in XeTeX yet on input line 9.

File: gif//1037.jpg Graphic file (type QTm)
<use  "gif//1037.jpg" >

Package xetex.def Warning: No clipping support in XeTeX yet on input line 9.

File: gif//1038.jpg Graphic file (type QTm)
<use  "gif//1038.jpg" >

Package xetex.def Warning: No clipping support in XeTeX yet on input line 9.

File: gif//1039.jpg Graphic file (type QTm)
<use  "gif//1039.jpg" >

Package xetex.def Warning: No clipping support in XeTeX yet on input line 9.

File: gif//1040.jpg Graphic file (type QTm)
<use  "gif//1040.jpg" >

Package xetex.def Warning: No clipping support in XeTeX yet on input line 9.

File: gif//1041.jpg Graphic file (type QTm)
<use  "gif//1041.jpg" >

Package xetex.def Warning: No clipping support in XeTeX yet on input line 9.

File: gif//1042.jpg Graphic file (type QTm)
<use  "gif//1042.jpg" >

Package xetex.def Warning: No clipping support in XeTeX yet on input line 9.

File: gif//1043.jpg Graphic file (type QTm)
<use  "gif//1043.jpg" >

Package xetex.def Warning: No clipping support in XeTeX yet on input line 9.

[1

] (d:\Desktop\Latex_lonelybag\Script\001_gif\001gif.aux)

LaTeX Warning: Label(s) may have changed. Rerun to get cross-references right.

 ) 
Here is how much of TeX's memory you used:
 1313 strings out of 430478
 16994 string characters out of 3191503
 101196 words of memory out of 3000000
 4452 multiletter control sequences out of 15000+200000
 3640 words of font info for 14 fonts, out of 3000000 for 9000
 14 hyphenation exceptions out of 8191
 25i,6n,23p,241b,262s stack positions out of 5000i,500n,10000p,200000b,50000s

Output written on 001gif.pdf (1 page).
