This is XeTeX, Version 3.14159265-2.6-0.99998 (TeX Live 2017/W32TeX) (preloaded format=xelatex 2017.11.24)  9 MAR 2019 20:29
entering extended mode
 restricted \write18 enabled.
 file:line:error style messages enabled.
 %&-line parsing enabled.
**d:/Desktop/Latex_lonelybag/Script/002_NOTE_of_MASTER/NOTE_of_MASTER.tex
(d:/Desktop/Latex_lonelybag/Script/002_NOTE_of_MASTER/NOTE_of_MASTER.tex
LaTeX2e <2017-04-15>
Babel <3.10> and hyphenation patterns for 84 language(s) loaded.
(c:/texlive/2017/texmf-dist/tex/latex/ctex/ctexbook.cls (c:/texlive/2017/texmf-dist/tex/latex/l3kernel/expl3.sty
Package: expl3 2017/05/13 L3 programming layer (loader) 
 (c:/texlive/2017/texmf-dist/tex/latex/l3kernel/expl3-code.tex
Package: expl3 2017/05/13 L3 programming layer (code)
\c_max_int=\count79
\l_tmpa_int=\count80
\l_tmpb_int=\count81
\g_tmpa_int=\count82
\g_tmpb_int=\count83
\g__prg_map_int=\count84
\c_log_iow=\count85
\l_iow_line_count_int=\count86
\l__iow_line_target_int=\count87
\l__iow_one_indent_int=\count88
\l__iow_indent_int=\count89
\c_zero_dim=\dimen102
\c_max_dim=\dimen103
\l_tmpa_dim=\dimen104
\l_tmpb_dim=\dimen105
\g_tmpa_dim=\dimen106
\g_tmpb_dim=\dimen107
\c_zero_skip=\skip41
\c_max_skip=\skip42
\l_tmpa_skip=\skip43
\l_tmpb_skip=\skip44
\g_tmpa_skip=\skip45
\g_tmpb_skip=\skip46
\c_zero_muskip=\muskip10
\c_max_muskip=\muskip11
\l_tmpa_muskip=\muskip12
\l_tmpb_muskip=\muskip13
\g_tmpa_muskip=\muskip14
\g_tmpb_muskip=\muskip15
\l_keys_choice_int=\count90
\c__fp_leading_shift_int=\count91
\c__fp_middle_shift_int=\count92
\c__fp_trailing_shift_int=\count93
\c__fp_big_leading_shift_int=\count94
\c__fp_big_middle_shift_int=\count95
\c__fp_big_trailing_shift_int=\count96
\c__fp_Bigg_leading_shift_int=\count97
\c__fp_Bigg_middle_shift_int=\count98
\c__fp_Bigg_trailing_shift_int=\count99
\l__sort_length_int=\count100
\l__sort_min_int=\count101
\l__sort_top_int=\count102
\l__sort_max_int=\count103
\l__sort_true_max_int=\count104
\l__sort_block_int=\count105
\l__sort_begin_int=\count106
\l__sort_end_int=\count107
\l__sort_A_int=\count108
\l__sort_B_int=\count109
\l__sort_C_int=\count110
\c_empty_box=\box26
\l_tmpa_box=\box27
\l_tmpb_box=\box28
\g_tmpa_box=\box29
\g_tmpb_box=\box30
\l__box_top_dim=\dimen108
\l__box_bottom_dim=\dimen109
\l__box_left_dim=\dimen110
\l__box_right_dim=\dimen111
\l__box_top_new_dim=\dimen112
\l__box_bottom_new_dim=\dimen113
\l__box_left_new_dim=\dimen114
\l__box_right_new_dim=\dimen115
\l__box_internal_box=\box31
\l__coffin_internal_box=\box32
\l__coffin_internal_dim=\dimen116
\l__coffin_offset_x_dim=\dimen117
\l__coffin_offset_y_dim=\dimen118
\l__coffin_x_dim=\dimen119
\l__coffin_y_dim=\dimen120
\l__coffin_x_prime_dim=\dimen121
\l__coffin_y_prime_dim=\dimen122
\c_empty_coffin=\box33
\l__coffin_aligned_coffin=\box34
\l__coffin_aligned_internal_coffin=\box35
\l_tmpa_coffin=\box36
\l_tmpb_coffin=\box37
\l__coffin_display_coffin=\box38
\l__coffin_display_coord_coffin=\box39
\l__coffin_display_pole_coffin=\box40
\l__coffin_display_offset_dim=\dimen123
\l__coffin_display_x_dim=\dimen124
\l__coffin_display_y_dim=\dimen125
\l__coffin_bounding_shift_dim=\dimen126
\l__coffin_left_corner_dim=\dimen127
\l__coffin_right_corner_dim=\dimen128
\l__coffin_bottom_corner_dim=\dimen129
\l__coffin_top_corner_dim=\dimen130
\l__coffin_scaled_total_height_dim=\dimen131
\l__coffin_scaled_width_dim=\dimen132
) (c:/texlive/2017/texmf-dist/tex/latex/l3kernel/l3xdvipdfmx.def
File: l3xdvidpfmx.def 2017/03/18 v L3 Experimental driver: xdvipdfmx
\l__driver_tmp_box=\box41
))
Document Class: ctexbook 2017/04/01 v2.4.9 Chinese adapter for class book (CTEX)
(c:/texlive/2017/texmf-dist/tex/latex/l3packages/xparse/xparse.sty
Package: xparse 2017/05/13 L3 Experimental document command parser
\l__xparse_current_arg_int=\count111
\g__xparse_grabber_int=\count112
\l__xparse_m_args_int=\count113
\l__xparse_mandatory_args_int=\count114
\l__xparse_v_nesting_int=\count115
) (c:/texlive/2017/texmf-dist/tex/latex/l3packages/l3keys2e/l3keys2e.sty
Package: l3keys2e 2017/05/13 LaTeX2e option processing using LaTeX3 keys
)
\g__file_internal_ior=\read1
 (c:/texlive/2017/texmf-dist/tex/latex/ctex/ctexhook.sty
Package: ctexhook 2017/04/01 v2.4.9 Document and package hooks (CTEX)
) (c:/texlive/2017/texmf-dist/tex/latex/ctex/ctexpatch.sty
Package: ctexpatch 2017/04/01 v2.4.9 Patching commands (CTEX)
) (c:/texlive/2017/texmf-dist/tex/latex/base/fix-cm.sty
Package: fix-cm 2015/01/14 v1.1t fixes to LaTeX
 (c:/texlive/2017/texmf-dist/tex/latex/base/ts1enc.def
File: ts1enc.def 2001/06/05 v3.0e (jk/car/fm) Standard LaTeX file
)) (c:/texlive/2017/texmf-dist/tex/latex/ms/everysel.sty
Package: everysel 2011/10/28 v1.2 EverySelectfont Package (MS)
)
\l__ctex_tmp_int=\count116
\l__ctex_tmp_box=\box42
\l__ctex_tmp_dim=\dimen133
 (c:/texlive/2017/texmf-dist/tex/latex/ctex/config/ctexopts.cfg
File: ctexopts.cfg 2017/04/01 v2.4.9 Option configuration file (CTEX)
) (c:/texlive/2017/texmf-dist/tex/latex/base/book.cls
Document Class: book 2014/09/29 v1.4h Standard LaTeX document class
(c:/texlive/2017/texmf-dist/tex/latex/base/bk10.clo
File: bk10.clo 2014/09/29 v1.4h Standard LaTeX file (size option)
)
\c@part=\count117
\c@chapter=\count118
\c@section=\count119
\c@subsection=\count120
\c@subsubsection=\count121
\c@paragraph=\count122
\c@subparagraph=\count123
\c@figure=\count124
\c@table=\count125
\abovecaptionskip=\skip47
\belowcaptionskip=\skip48
\bibindent=\dimen134
) (c:/texlive/2017/texmf-dist/tex/latex/ctex/engine/ctex-engine-xetex.def
File: ctex-engine-xetex.def 2017/04/01 v2.4.9 XeLaTeX adapter (CTEX)
 (c:/texlive/2017/texmf-dist/tex/xelatex/xecjk/xeCJK.sty
Package: xeCJK 2017/05/15 v3.4.8 Typesetting CJK scripts with XeLaTeX
 (c:/texlive/2017/texmf-dist/tex/latex/l3packages/xtemplate/xtemplate.sty
Package: xtemplate 2017/05/13 L3 Experimental prototype document functions
\l__xtemplate_tmp_dim=\dimen135
\l__xtemplate_tmp_int=\count126
\l__xtemplate_tmp_muskip=\muskip16
\l__xtemplate_tmp_skip=\skip49
)
\l__xeCJK_tmp_int=\count127
\l__xeCJK_tmp_box=\box43
\l__xeCJK_tmp_dim=\dimen136
\l__xeCJK_tmp_skip=\skip50
.................................................
. LaTeX info: "xparse/define-command"
. 
. Defining command \xeCJKShipoutHook with sig. '' on line 148.
.................................................
\g__xeCJK_spacefactor_int=\count128
\l__xeCJK_begin_int=\count129
\l__xeCJK_end_int=\count130
.................................................
. LaTeX info: "xparse/define-command"
. 
. Defining command \makexeCJKactive with sig. '' on line 377.
.................................................
.................................................
. LaTeX info: "xparse/define-command"
. 
. Defining command \makexeCJKinactive with sig. '' on line 378.
.................................................
\c__xeCJK_CJK_class_int=\XeTeXcharclass1
\c__xeCJK_FullLeft_class_int=\XeTeXcharclass2
\c__xeCJK_FullRight_class_int=\XeTeXcharclass3
\c__xeCJK_HalfLeft_class_int=\XeTeXcharclass4
\c__xeCJK_HalfRight_class_int=\XeTeXcharclass5
\c__xeCJK_NormalSpace_class_int=\XeTeXcharclass6
\c__xeCJK_CM_class_int=\XeTeXcharclass7
\c__xeCJK_HangulJamo_class_int=\XeTeXcharclass8
.................................................
. LaTeX info: "xparse/define-command"
. 
. Defining command \xeCJKDeclareCharClass with sig. 's>{\TrimSpaces }mm' on
. line 542.
.................................................
.................................................
. LaTeX info: "xparse/define-command"
. 
. Defining command \__xeCJK_set_char_class_aux:Nnw with sig.
. 'm>{\SplitArgument {1}{->}}m' on line 563.
.................................................
.................................................
. LaTeX info: "xparse/define-command"
. 
. Defining command \normalspacedchars with sig. 'm' on line 608.
.................................................
.................................................
. LaTeX info: "xparse/define-command"
. 
. Defining command \xeCJKResetPunctClass with sig. '' on line 619.
.................................................
.................................................
. LaTeX info: "xparse/define-command"
. 
. Defining command \xeCJKResetCharClass with sig. '' on line 631.
.................................................
\l__xeCJK_last_skip=\skip51
\g__xeCJK_node_int=\count131
\c__xeCJK_CJK_node_dim=\dimen137
\c__xeCJK_CJK-space_node_dim=\dimen138
\c__xeCJK_default_node_dim=\dimen139
\c__xeCJK_default-space_node_dim=\dimen140
\c__xeCJK_CJK-widow_node_dim=\dimen141
\c__xeCJK_normalspace_node_dim=\dimen142
\l__xeCJK_ccglue_skip=\skip52
\l__xeCJK_ecglue_skip=\skip53
.................................................
. LaTeX info: "xparse/define-command"
. 
. Defining command \xeCJKnobreak with sig. '' on line 1470.
.................................................
\l__xeCJK_widow_penalty_int=\count132
.................................................
. LaTeX info: "xparse/define-command"
. 
. Defining command \xeCJKDeclareSubCJKBlock with sig. 's>{\TrimSpaces }mm' on
. line 1666.
.................................................
.................................................
. LaTeX info: "xparse/define-command"
. 
. Defining command \xeCJKCancelSubCJKBlock with sig. 'sm' on line 1677.
.................................................
.................................................
. LaTeX info: "xparse/define-command"
. 
. Defining command \xeCJKRestoreSubCJKBlock with sig. 'sm' on line 1686.
.................................................
.................................................
. LaTeX info: "xparse/define-command"
. 
. Defining command \xeCJKsetwidth with sig. 'smm' on line 1784.
.................................................
.................................................
. LaTeX info: "xparse/define-command"
. 
. Defining command \xeCJKsetkern with sig. 'mmm' on line 1788.
.................................................
.................................................
. xtemplate info: "declare-object-type"
. 
. Declaring object type 'xeCJK/punctuation' taking 0 argument(s) on line 1925.
.................................................
\l__xeCJK_fixed_punct_width_dim=\dimen143
\l__xeCJK_mixed_punct_width_dim=\dimen144
\l__xeCJK_middle_punct_width_dim=\dimen145
\l__xeCJK_fixed_margin_width_dim=\dimen146
\l__xeCJK_mixed_margin_width_dim=\dimen147
\l__xeCJK_middle_margin_width_dim=\dimen148
\l__xeCJK_bound_punct_width_dim=\dimen149
\l__xeCJK_bound_margin_width_dim=\dimen150
\l__xeCJK_margin_minimum_dim=\dimen151
\l__xeCJK_kerning_total_width_dim=\dimen152
\l__xeCJK_same_align_margin_dim=\dimen153
\l__xeCJK_different_align_margin_dim=\dimen154
\l__xeCJK_kerning_margin_width_dim=\dimen155
\l__xeCJK_kerning_margin_minimum_dim=\dimen156
\l__xeCJK_bound_dim=\dimen157
\l__xeCJK_reverse_bound_dim=\dimen158
\l__xeCJK_minimum_bound_dim=\dimen159
\l__xeCJK_kerning_margin_dim=\dimen160
\l__xeCJK_original_margin_dim=\dimen161
.................................................
. LaTeX info: "xparse/define-command"
. 
. Defining command \xeCJKDeclarePunctStyle with sig. '>{\TrimSpaces }mm' on
. line 2423.
.................................................
.................................................
. LaTeX info: "xparse/define-command"
. 
. Defining command \xeCJKEditPunctStyle with sig. '>{\TrimSpaces }mm' on line
. 2436.
.................................................
.................................................
. LaTeX info: "xparse/define-command"
. 
. Defining command \setCJKfallbackfamilyfont with sig. 'mom' on line 2528.
.................................................
\g__xeCJK_family_int=\count133
.................................................
. LaTeX info: "xparse/define-command"
. 
. Defining command \CJKfamily with sig. 't+t-m' on line 2955.
.................................................
.................................................
. LaTeX info: "xparse/define-command"
. 
. Defining command \__xeCJK_gobble_CJKfamily:wn with sig. 't+t-m' on line
. 2969.
.................................................
.................................................
. LaTeX info: "xparse/define-command"
. 
. Defining command \__xeCJK_post_arg:w with sig. 'mmmO{}' on line 3028.
.................................................
.................................................
. LaTeX info: "xparse/define-command"
. 
. Defining command \setCJKmainfont with sig. 'om' on line 3034.
.................................................
.................................................
. LaTeX info: "xparse/define-command"
. 
. Defining command \setCJKsansfont with sig. 'om' on line 3041.
.................................................
.................................................
. LaTeX info: "xparse/define-command"
. 
. Defining command \setCJKmonofont with sig. 'om' on line 3047.
.................................................
.................................................
. LaTeX info: "xparse/define-command"
. 
. Defining command \setCJKfamilyfont with sig. 'mom' on line 3058.
.................................................
.................................................
. LaTeX info: "xparse/define-command"
. 
. Defining command \newCJKfontfamily with sig. 'omom' on line 3066.
.................................................
.................................................
. LaTeX info: "xparse/define-command"
. 
. Defining command \CJKfontspec with sig. 'om' on line 3072.
.................................................
.................................................
. LaTeX info: "xparse/define-command"
. 
. Defining command \defaultCJKfontfeatures with sig. 'm' on line 3095.
.................................................
.................................................
. LaTeX info: "xparse/define-command"
. 
. Defining command \addCJKfontfeatures with sig. 'sO{}m' on line 3101.
.................................................
.................................................
. LaTeX info: "xparse/define-command"
. 
. Defining command \setCJKmathfont with sig. 'om' on line 3275.
.................................................
\l__xeCJK_fam_int=\count134
\g__xeCJK_fam_allocation_int=\count135
\l__xeCJK_verb_case_int=\count136
.................................................
. LaTeX info: "xparse/define-command"
. 
. Defining command \xeCJKVerbAddon with sig. '' on line 3515.
.................................................
.................................................
. LaTeX info: "xparse/define-command"
. 
. Defining command \xeCJKOffVerbAddon with sig. '' on line 3519.
.................................................
\l__xeCJK_verb_exspace_skip=\skip54
 (c:/texlive/2017/texmf-dist/tex/latex/fontspec/fontspec.sty
Package: fontspec 2017/03/31 v2.6a Font selection for XeLaTeX and LuaLaTeX
 (c:/texlive/2017/texmf-dist/tex/latex/fontspec/fontspec-xetex.sty
Package: fontspec-xetex 2017/03/31 v2.6a Font selection for XeLaTeX and LuaLaTeX
\l__fontspec_script_int=\count137
\l__fontspec_language_int=\count138
\l__fontspec_strnum_int=\count139
\l__fontspec_tmp_int=\count140
\l__fontspec_em_int=\count141
\l__fontspec_emdef_int=\count142
\l__fontspec_strong_int=\count143
\l__fontspec_strongdef_int=\count144
\l__fontspec_tmpa_dim=\dimen162
\l__fontspec_tmpb_dim=\dimen163
\l__fontspec_tmpc_dim=\dimen164
 (c:/texlive/2017/texmf-dist/tex/latex/base/fontenc.sty
Package: fontenc 2017/04/05 v2.0i Standard LaTeX package
 (c:/texlive/2017/texmf-dist/tex/latex/base/tuenc.def
File: tuenc.def 2017/04/05 v2.0i Standard LaTeX file
LaTeX Font Info:    Redeclaring font encoding TU on input line 82.
))
.................................................
. LaTeX info: "xparse/define-command"
. 
. Defining command \fontspec with sig. 'O{}mO{}' on line 472.
.................................................
.................................................
. LaTeX info: "xparse/define-command"
. 
. Defining command \setmainfont with sig. 'O{}mO{}' on line 483.
.................................................
.................................................
. LaTeX info: "xparse/define-command"
. 
. Defining command \setsansfont with sig. 'O{}mO{}' on line 503.
.................................................
.................................................
. LaTeX info: "xparse/define-command"
. 
. Defining command \setmonofont with sig. 'O{}mO{}' on line 523.
.................................................
.................................................
. LaTeX info: "xparse/define-command"
. 
. Defining command \setromanfont with sig. 'O{}mO{}' on line 543.
.................................................
.................................................
. LaTeX info: "xparse/define-command"
. 
. Defining command \setmathrm with sig. 'O{}mO{}' on line 547.
.................................................
.................................................
. LaTeX info: "xparse/define-command"
. 
. Defining command \setboldmathrm with sig. 'O{}mO{}' on line 555.
.................................................
.................................................
. LaTeX info: "xparse/define-command"
. 
. Defining command \setmathsf with sig. 'O{}mO{}' on line 563.
.................................................
.................................................
. LaTeX info: "xparse/define-command"
. 
. Defining command \setmathtt with sig. 'O{}mO{}' on line 571.
.................................................
.................................................
. LaTeX info: "xparse/define-command"
. 
. Defining command \newfontfamily with sig. 'mO{}mO{}' on line 586.
.................................................
.................................................
. LaTeX info: "xparse/define-command"
. 
. Defining command \newfontface with sig. 'mO{}mO{}' on line 603.
.................................................
.................................................
. LaTeX info: "xparse/define-command"
. 
. Defining command \defaultfontfeatures with sig. 't+om' on line 614.
.................................................
.................................................
. LaTeX info: "xparse/define-command"
. 
. Defining command \addfontfeatures with sig. 'm' on line 645.
.................................................
.................................................
. LaTeX info: "xparse/define-command"
. 
. Defining command \newfontfeature with sig. 'mm' on line 672.
.................................................
.................................................
. LaTeX info: "xparse/define-command"
. 
. Defining command \newAATfeature with sig. 'mmmm' on line 686.
.................................................
.................................................
. LaTeX info: "xparse/define-command"
. 
. Defining command \newopentypefeature with sig. 'mmm' on line 700.
.................................................
.................................................
. LaTeX info: "xparse/define-command"
. 
. Defining command \newICUfeature with sig. 'mmm' on line 720.
.................................................
.................................................
. LaTeX info: "xparse/define-command"
. 
. Defining command \aliasfontfeature with sig. 'mm' on line 724.
.................................................
.................................................
. LaTeX info: "xparse/define-command"
. 
. Defining command \aliasfontfeatureoption with sig. 'mmm' on line 745.
.................................................
.................................................
. LaTeX info: "xparse/define-command"
. 
. Defining command \newfontscript with sig. 'mm' on line 778.
.................................................
.................................................
. LaTeX info: "xparse/define-command"
. 
. Defining command \newfontlanguage with sig. 'mm' on line 782.
.................................................
.................................................
. LaTeX info: "xparse/define-command"
. 
. Defining command \DeclareFontsExtensions with sig. 'm' on line 786.
.................................................
.................................................
. LaTeX info: "xparse/define-command"
. 
. Defining command \IfFontFeatureActiveTF with sig. 'mmm' on line 797.
.................................................
.................................................
. LaTeX info: "xparse/define-command"
. 
. Defining command \EncodingCommand with sig. 'mO{}m' on line 3438.
.................................................
.................................................
. LaTeX info: "xparse/define-command"
. 
. Defining command \EncodingAccent with sig. 'mm' on line 3444.
.................................................
.................................................
. LaTeX info: "xparse/define-command"
. 
. Defining command \EncodingSymbol with sig. 'mm' on line 3450.
.................................................
.................................................
. LaTeX info: "xparse/define-command"
. 
. Defining command \EncodingComposite with sig. 'mmm' on line 3456.
.................................................
.................................................
. LaTeX info: "xparse/define-command"
. 
. Defining command \EncodingCompositeCommand with sig. 'mmm' on line 3462.
.................................................
.................................................
. LaTeX info: "xparse/define-command"
. 
. Defining command \DeclareUnicodeEncoding with sig. 'mm' on line 3487.
.................................................
.................................................
. LaTeX info: "xparse/define-command"
. 
. Defining command \UndeclareSymbol with sig. 'm' on line 3493.
.................................................
.................................................
. LaTeX info: "xparse/define-command"
. 
. Defining command \UndeclareComposite with sig. 'mm' on line 3501.
.................................................
 (c:/texlive/2017/texmf-dist/tex/latex/fontspec/fontspec.cfg)
LaTeX Info: Redefining \itshape on input line 3686.
LaTeX Info: Redefining \slshape on input line 3691.
LaTeX Info: Redefining \scshape on input line 3696.
LaTeX Info: Redefining \upshape on input line 3701.
LaTeX Info: Redefining \em on input line 3731.
LaTeX Info: Redefining \emph on input line 3756.
LaTeX Info: Redefining \- on input line 3807.
.................................................
. LaTeX info: "xparse/redefine-command"
. 
. Redefining command \oldstylenums with sig. 'm' on line 3902.
.................................................
.................................................
. LaTeX info: "xparse/define-command"
. 
. Defining command \liningnums with sig. 'm' on line 3906.
.................................................
)) (c:/texlive/2017/texmf-dist/tex/xelatex/xecjk/xunicode-addon.sty
Package: xunicode-addon 2017/05/15 v3.4.8 addon file for xunicode
 (c:/texlive/2017/texmf-dist/tex/xelatex/xunicode/xunicode.sty
File: xunicode.sty 2011/09/09 v0.981 provides access to latin accents and many other characters in Unicode lower plane
 (c:/texlive/2017/texmf-dist/tex/latex/tipa/t3enc.def
File: t3enc.def 2001/12/31 T3 encoding
)
\tipaTiiicode=\count145
\tipasavetokens=\toks14
\tipachecktokens=\toks15
 (c:/texlive/2017/texmf-dist/tex/latex/graphics/graphicx.sty
Package: graphicx 2014/10/28 v1.0g Enhanced LaTeX Graphics (DPC,SPQR)
 (c:/texlive/2017/texmf-dist/tex/latex/graphics/keyval.sty
Package: keyval 2014/10/28 v1.15 key=value parser (DPC)
\KV@toks@=\toks16
) (c:/texlive/2017/texmf-dist/tex/latex/graphics/graphics.sty
Package: graphics 2017/04/14 v1.1b Standard LaTeX Graphics (DPC,SPQR)
 (c:/texlive/2017/texmf-dist/tex/latex/graphics/trig.sty
Package: trig 2016/01/03 v1.10 sin cos tan (DPC)
) (c:/texlive/2017/texmf-dist/tex/latex/graphics-cfg/graphics.cfg
File: graphics.cfg 2016/06/04 v1.11 sample graphics configuration
)
Package graphics Info: Driver file: xetex.def on input line 99.
 (c:/texlive/2017/texmf-dist/tex/latex/graphics-def/xetex.def
File: xetex.def 2016/07/11 v4.10 LaTeX color/graphics driver for XeTeX (L3/RRM/JK)
))
\Gin@req@height=\dimen165
\Gin@req@width=\dimen166
))
.................................................
. LaTeX info: "xparse/redefine-command"
. 
. Redefining command \ReloadXunicode with sig. 'm' on line 84.
.................................................
.................................................
. LaTeX info: "xparse/redefine-command"
. 
. Redefining command \DeclareUTFmathsymbols with sig. 'm' on line 129.
.................................................
.................................................
. LaTeX info: "xparse/redefine-command"
. 
. Redefining command \UseMathAsText with sig. '' on line 138.
.................................................
.................................................
. LaTeX info: "xparse/redefine-command"
. 
. Redefining command \UndeclareUTFcharacter with sig. 'O{\UTFencname }mm' on
. line 173.
.................................................
.................................................
. LaTeX info: "xparse/redefine-command"
. 
. Redefining command \UndeclareUTFcomposite with sig. 'O{\UTFencname }mmm' on
. line 180.
.................................................
.................................................
. LaTeX info: "xparse/redefine-command"
. 
. Redefining command \DeclareUTFcharacter with sig. 'O{\UTFencname }mm' on
. line 207.
.................................................
.................................................
. LaTeX info: "xparse/define-command"
. 
. Defining command \DeclareUTFSymbol with sig. 'mO{\UTFencname }m' on line
. 233.
.................................................
.................................................
. LaTeX info: "xparse/define-command"
. 
. Defining command \DeclareUTFCommand with sig. 'mO{\UTFencname }m' on line
. 235.
.................................................
.................................................
. LaTeX info: "xparse/redefine-command"
. 
. Redefining command \DeclareUTFcomposite with sig. 'O{\UTFencname }mmm' on
. line 278.
.................................................
.................................................
. LaTeX info: "xparse/define-command"
. 
. Defining command \DeclareUTFCompositeCommand with sig. 'mO{\UTFencname }mm'
. on line 291.
.................................................
.................................................
. LaTeX info: "xparse/define-command"
. 
. Defining command \DeclareUTFCompositeSymbol with sig. 'mO{\UTFencname }mm'
. on line 296.
.................................................
.................................................
. LaTeX info: "xparse/define-command"
. 
. Defining command \DeclareUTFComposite with sig. 'mO{\UTFencname }' on line
. 298.
.................................................
.................................................
. LaTeX info: "xparse/define-command"
. 
. Defining command \DeclareUTFEncodedAccent with sig. 'mO{\UTFencname }mm' on
. line 300.
.................................................
.................................................
. LaTeX info: "xparse/define-command"
. 
. Defining command \DeclareUTFEncodedAccents with sig. 'mO{\UTFencname }mm' on
. line 302.
.................................................
.................................................
. LaTeX info: "xparse/define-command"
. 
. Defining command \DeclareUTFEncodedSymbol with sig. 'mO{\UTFencname }mm' on
. line 304.
.................................................
.................................................
. LaTeX info: "xparse/define-command"
. 
. Defining command \DeclareUTFEncodedCircle with sig. 'mO{\UTFencname }mm' on
. line 306.
.................................................
.................................................
. LaTeX info: "xparse/redefine-command"
. 
. Redefining command \DeclareEncodedCompositeCharacter with sig. 'mmmm' on
. line 308.
.................................................
.................................................
. LaTeX info: "xparse/redefine-command"
. 
. Redefining command \DeclareEncodedCompositeAccents with sig. 'mmmm' on line
. 310.
.................................................
.................................................
. LaTeX info: "xparse/define-command"
. 
. Defining command \DeclareUTFDoubleEncodedAccent with sig. 'mO{\UTFencname
. }mm' on line 312.
.................................................
.................................................
. LaTeX info: "xparse/define-command"
. 
. Defining command \DeclareUTFDoubleEncodedSymbol with sig. 'mO{\UTFencname
. }mm' on line 314.
.................................................
\l__xunadd_tmp_coffin=\box44
\l__xunadd_circle_coffin=\box45
.................................................
. LaTeX info: "xparse/define-command"
. 
. Defining command \settextcircledratio with sig. 'm' on line 465.
.................................................
.................................................
. LaTeX info: "xparse/define-command"
. 
. Defining command \AtBeginUTFCommand with sig. 'sO{}+m' on line 534.
.................................................
.................................................
. LaTeX info: "xparse/define-command"
. 
. Defining command \AtEndUTFCommand with sig. 'sO{}+m' on line 544.
.................................................
.................................................
. LaTeX info: "xparse/define-command"
. 
. Defining command \DeclareUTFTIPACommand with sig. 'O{\UTFencname }m' on line
. 576.
.................................................
) (c:/texlive/2017/texmf-dist/tex/xelatex/xunicode/xunicode.sty
File: xunicode.sty 2011/09/09 v0.981 provides access to latin accents and many other characters in Unicode lower plane

*** Reloading Xunicode for encoding 'TU' ***
) (c:/texlive/2017/texmf-dist/tex/xelatex/xecjk/xunicode-extra.def
File: xunicode-extra.def 2017/05/15 v3.4.8 extra definition for xunicode
)
.................................................
. LaTeX info: "xparse/define-command"
. 
. Defining command \xeCJKsetup with sig. '+m' on line 3820.
.................................................
.................................................
. LaTeX info: "xparse/define-command"
. 
. Defining command \xeCJKsetemboldenfactor with sig. 'm' on line 3822.
.................................................
.................................................
. LaTeX info: "xparse/define-command"
. 
. Defining command \xeCJKsetslantfactor with sig. 'm' on line 3824.
.................................................
.................................................
. LaTeX info: "xparse/define-command"
. 
. Defining command \punctstyle with sig. 'm' on line 3825.
.................................................
.................................................
. LaTeX info: "xparse/define-command"
. 
. Defining command \xeCJKplainchr with sig. '' on line 3826.
.................................................
.................................................
. LaTeX info: "xparse/define-command"
. 
. Defining command \CJKsetecglue with sig. 'm' on line 3827.
.................................................
.................................................
. LaTeX info: "xparse/define-command"
. 
. Defining command \CJKspace with sig. '' on line 3829.
.................................................
.................................................
. LaTeX info: "xparse/define-command"
. 
. Defining command \CJKnospace with sig. '' on line 3830.
.................................................
.................................................
. LaTeX info: "xparse/define-command"
. 
. Defining command \xeCJKallowbreakbetweenpuncts with sig. '' on line 3832.
.................................................
.................................................
. LaTeX info: "xparse/define-command"
. 
. Defining command \xeCJKnobreakbetweenpuncts with sig. '' on line 3834.
.................................................
.................................................
. LaTeX info: "xparse/define-command"
. 
. Defining command \xeCJKenablefallback with sig. '' on line 3836.
.................................................
.................................................
. LaTeX info: "xparse/define-command"
. 
. Defining command \xeCJKdisablefallback with sig. '' on line 3838.
.................................................
.................................................
. LaTeX info: "xparse/define-command"
. 
. Defining command \xeCJKsetcharclass with sig. 'mmm' on line 3843.
.................................................
.................................................
. LaTeX info: "xparse/redefine-command"
. 
. Redefining command \nobreakspace with sig. '' on line 3989.
.................................................
.................................................
. LaTeX info: "xparse/redefine-command"
. 
. Redefining command \fontfamily with sig. 'm' on line 4029.
.................................................
 (c:/texlive/2017/texmf-dist/tex/xelatex/xecjk/xeCJK.cfg
File: xeCJK.cfg 2017/05/15 v3.4.8 Configuration file for xeCJK package
)) (c:/texlive/2017/texmf-dist/tex/xelatex/xecjk/xeCJKfntef.sty
Package: xeCJKfntef 2017/05/15 v3.4.8 xeCJK font effect
 (c:/texlive/2017/texmf-dist/tex/generic/ulem/ulem.sty
\UL@box=\box46
\UL@hyphenbox=\box47
\UL@skip=\skip55
\UL@hook=\toks17
\UL@height=\dimen167
\UL@pe=\count146
\UL@pixel=\dimen168
\ULC@box=\box48
Package: ulem 2012/05/18
\ULdepth=\dimen169
) (c:/texlive/2017/texmf-dist/tex/latex/environ/environ.sty
Package: environ 2014/05/04 v0.3 A new way to define environments
 (c:/texlive/2017/texmf-dist/tex/latex/trimspaces/trimspaces.sty
Package: trimspaces 2009/09/17 v1.1 Trim spaces around a token list
)
\@envbody=\toks18
) (c:/texlive/2017/texmf-dist/tex/latex/cjk/texinput/CJKfntef.sty
Package: CJKfntef 2015/04/18 4.8.4
\CJK@fntefSkip=\skip56
\CJK@nest=\count147
\CJK@fntefDimen=\dimen170
\CJK@underdotBox=\box49
\CJK@ULbox=\box50
\CJK@underanyskip=\dimen171
)
\l__xeCJK_space_skip=\skip57
\c__xeCJK_ulem-begin_node_dim=\dimen172
\c__xeCJK_null_box=\box51
.................................................
. LaTeX info: "xparse/define-command"
. 
. Defining command \xeCJKfntefon with sig. 'st-so' on line 614.
.................................................
.................................................
. LaTeX info: "xparse/redefine-command"
. 
. Redefining command \CJKunderline with sig. 'st-so' on line 630.
.................................................
.................................................
. LaTeX info: "xparse/redefine-command"
. 
. Redefining command \varCJKunderline with sig. '' on line 632.
.................................................
.................................................
. LaTeX info: "xparse/redefine-command"
. 
. Redefining command \CJKunderwave with sig. 'st-so' on line 642.
.................................................
.................................................
. LaTeX info: "xparse/redefine-command"
. 
. Redefining command \CJKunderdblline with sig. 'st-so' on line 666.
.................................................
.................................................
. LaTeX info: "xparse/redefine-command"
. 
. Redefining command \CJKsout with sig. 'st-so' on line 685.
.................................................
.................................................
. LaTeX info: "xparse/redefine-command"
. 
. Redefining command \CJKxout with sig. 'st-so' on line 702.
.................................................
.................................................
. LaTeX info: "xparse/redefine-command"
. 
. Redefining command \CJKunderanyline with sig. 'st-somm' on line 723.
.................................................
\l__xeCJK_fntef_box=\box52
.................................................
. LaTeX info: "xparse/redefine-command"
. 
. Redefining command \CJKunderanysymbol with sig. 'ommm' on line 903.
.................................................
.................................................
. LaTeX info: "xparse/redefine-command"
. 
. Redefining command \CJKunderdot with sig. 'om' on line 912.
.................................................
\l__xeCJK_under_symbol_box=\box53
.................................................
. LaTeX info: "xparse/redefine-environment"
. 
. Redefining environment 'CJKfilltwosides' with sig. 'O{c}m' on line 1016.
.................................................
\c__xeCJK_filll_skip=\skip58
)
\ccwd=\dimen173
\l__ctex_ccglue_skip=\skip59
)
.................................................
. LaTeX info: "xparse/define-command"
. 
. Defining command \ctexset with sig. '' on line 387.
.................................................
.................................................
. LaTeX info: "xparse/define-command"
. 
. Defining command \CTEXsetup with sig. '+o>{\TrimSpaces }m' on line 393.
.................................................
.................................................
. LaTeX info: "xparse/define-command"
. 
. Defining command \CTEXoptions with sig. '+o' on line 399.
.................................................
.................................................
. LaTeX info: "xparse/define-command"
. 
. Defining command \CTEXsetfont with sig. '' on line 417.
.................................................
.................................................
. LaTeX info: "xparse/define-command"
. 
. Defining command \ziju with sig. 'm' on line 489.
.................................................
\l__ctex_ziju_dim=\dimen174
.................................................
. LaTeX info: "xparse/define-command"
. 
. Defining command \CTEXindent with sig. '' on line 530.
.................................................
.................................................
. LaTeX info: "xparse/define-command"
. 
. Defining command \CTEXnoindent with sig. '' on line 536.
.................................................
 (c:/texlive/2017/texmf-dist/tex/latex/zhnumber/zhnumber.sty
Package: zhnumber 2016/05/14 v2.4 Typesetting numbers with Chinese glyphs
.................................................
. LaTeX info: "xparse/define-command"
. 
. Defining command \zhnumber with sig. '+o+m' on line 50.
.................................................
.................................................
. LaTeX info: "xparse/define-command"
. 
. Defining command \zhnumberwithoptions with sig. '+m+m' on line 57.
.................................................
.................................................
. LaTeX info: "xparse/define-command"
. 
. Defining command \zhnum with sig. '+o+m' on line 111.
.................................................
.................................................
. LaTeX info: "xparse/define-command"
. 
. Defining command \zhnumwithoptions with sig. '+m+m' on line 118.
.................................................
.................................................
. LaTeX info: "xparse/define-command"
. 
. Defining command \zhdig with sig. '+o+m' on line 297.
.................................................
.................................................
. LaTeX info: "xparse/define-command"
. 
. Defining command \zhdigwithoptions with sig. '+m+m' on line 304.
.................................................
.................................................
. LaTeX info: "xparse/define-command"
. 
. Defining command \zhdigits with sig. '+s+o+m' on line 318.
.................................................
.................................................
. LaTeX info: "xparse/define-command"
. 
. Defining command \zhdigitswithoptions with sig. '+m+m+m' on line 325.
.................................................
.................................................
. LaTeX info: "xparse/define-command"
. 
. Defining command \zhdate with sig. '+s+m' on line 384.
.................................................
\l__zhnum_scale_int=\count148
.................................................
. LaTeX info: "xparse/define-command"
. 
. Defining command \zhnumExtendScaleMap with sig. '>{\TrimSpaces }+o+m' on
. line 506.
.................................................
.................................................
. LaTeX info: "xparse/define-command"
. 
. Defining command \zhnumsetup with sig. '+m' on line 938.
.................................................
 (c:/texlive/2017/texmf-dist/tex/latex/zhnumber/zhnumber-utf8.cfg
File: zhnumber-utf8.cfg 2016/05/14 v2.4 Chinese numerals with UTF8 encoding
))
.................................................
. LaTeX info: "xparse/define-command"
. 
. Defining command \CTEXnumber with sig. 'mm' on line 553.
.................................................
.................................................
. LaTeX info: "xparse/define-command"
. 
. Defining command \CTEXdigits with sig. 'mm' on line 555.
.................................................
.................................................
. LaTeX info: "xparse/define-command"
. 
. Defining command \ctex_assign_heading_name:nn with sig. 'm>{\SplitArgument
. {\c_one }{,}}+m' on line 687.
.................................................
\l__ctex_heading_skip=\skip60
.................................................
. LaTeX info: "xparse/define-command"
. 
. Defining command \partmark with sig. 'm' on line 734.
.................................................
.................................................
. LaTeX info: "xparse/redefine-command"
. 
. Redefining command \refstepcounter with sig. 'm' on line 1330.
.................................................
 (c:/texlive/2017/texmf-dist/tex/latex/ctex/scheme/ctex-scheme-chinese-book.def
File: ctex-scheme-chinese-book.def 2017/04/01 v2.4.9 Chinese scheme for book (CTEX)
 (c:/texlive/2017/texmf-dist/tex/latex/ctex/config/ctex-name-utf8.cfg
File: ctex-name-utf8.cfg 2017/04/01 v2.4.9 Caption with encoding UTF8 (CTEX)
))
.................................................
. LaTeX info: "xparse/define-command"
. 
. Defining command \zihao with sig. 'm' on line 1333.
.................................................
 (c:/texlive/2017/texmf-dist/tex/latex/ctex/ctex-c5size.clo
File: ctex-c5size.clo 2017/04/01 v2.4.9 c5size option (CTEX)
)
.................................................
. LaTeX info: "xparse/define-command"
. 
. Defining command \CTeX with sig. '' on line 1437.
.................................................
 (c:/texlive/2017/texmf-dist/tex/latex/ctex/fontset/ctex-fontset-windows.def
File: ctex-fontset-windows.def 2017/04/01 v2.4.9 Windows fonts definition (CTEX)
 (c:/texlive/2017/texmf-dist/tex/latex/ctex/fontset/ctex-fontset-windowsnew.def
File: ctex-fontset-windowsnew.def 2017/04/01 v2.4.9 Windows fonts definition for Vista or later version (CTEX)
\g__fontspec_family_SimSun_int=\count149
.................................................
. fontspec info: "no-font-shape"
. 
. Could not resolve font "KaiTi/B" (it probably doesn't exist).
.................................................
.................................................
. fontspec info: "no-font-shape"
. 
. Could not resolve font "SimHei/I" (it probably doesn't exist).
.................................................
.................................................
. fontspec info: "no-font-shape"
. 
. Could not resolve font "SimSun/BI" (it probably doesn't exist).
.................................................
.................................................
. fontspec info: "defining-font"
. 
. Font family 'SimSun(0)' created for font 'SimSun' with options
. [Script={CJK},BoldFont={SimHei},ItalicFont={KaiTi}].
.  
.  This font family consists of the following NFSS series/shapes:
.  
. - 'normal' (m/n) with NFSS spec.: <->"SimSun/OT:script=hani;language=DFLT;"
. - 'small caps'  (m/sc) with NFSS spec.: 
. - 'bold' (bx/n) with NFSS spec.: <->"SimHei/OT:script=hani;language=DFLT;"
. - 'bold small caps'  (bx/sc) with NFSS spec.: 
. - 'italic' (m/it) with NFSS spec.: <->"KaiTi/OT:script=hani;language=DFLT;"
. - 'italic small caps'  (m/itsc) with NFSS spec.: 
.................................................
.................................................
. LaTeX info: "xparse/define-command"
. 
. Defining command \songti with sig. '' on line 110.
.................................................
.................................................
. LaTeX info: "xparse/define-command"
. 
. Defining command \heiti with sig. '' on line 111.
.................................................
.................................................
. LaTeX info: "xparse/define-command"
. 
. Defining command \fangsong with sig. '' on line 112.
.................................................
.................................................
. LaTeX info: "xparse/define-command"
. 
. Defining command \kaishu with sig. '' on line 113.
.................................................
.................................................
. LaTeX info: "xparse/define-command"
. 
. Defining command \lishu with sig. '' on line 114.
.................................................
.................................................
. LaTeX info: "xparse/define-command"
. 
. Defining command \youyuan with sig. '' on line 115.
.................................................
.................................................
. LaTeX info: "xparse/define-command"
. 
. Defining command \yahei with sig. '' on line 116.
.................................................
))) (c:/texlive/2017/texmf-dist/tex/latex/ctex/config/ctex.cfg
File: ctex.cfg 2017/04/01 v2.4.9 Configuration file (CTEX)
) (c:/texlive/2017/texmf-dist/tex/latex/tocloft/tocloft.sty
Package: tocloft 2013/05/02 v2.3f parameterised ToC, etc., typesetting
Package tocloft Info: The document has chapter divisions on input line 44.
\cftparskip=\skip61
\cftbeforetoctitleskip=\skip62
\cftaftertoctitleskip=\skip63
\cftbeforepartskip=\skip64
\cftpartnumwidth=\skip65
\cftpartindent=\skip66
\cftbeforechapskip=\skip67
\cftchapindent=\skip68
\cftchapnumwidth=\skip69
\cftbeforesecskip=\skip70
\cftsecindent=\skip71
\cftsecnumwidth=\skip72
\cftbeforesubsecskip=\skip73
\cftsubsecindent=\skip74
\cftsubsecnumwidth=\skip75
\cftbeforesubsubsecskip=\skip76
\cftsubsubsecindent=\skip77
\cftsubsubsecnumwidth=\skip78
\cftbeforeparaskip=\skip79
\cftparaindent=\skip80
\cftparanumwidth=\skip81
\cftbeforesubparaskip=\skip82
\cftsubparaindent=\skip83
\cftsubparanumwidth=\skip84
\cftbeforeloftitleskip=\skip85
\cftafterloftitleskip=\skip86
\cftbeforefigskip=\skip87
\cftfigindent=\skip88
\cftfignumwidth=\skip89
\c@lofdepth=\count150
\c@lotdepth=\count151
\cftbeforelottitleskip=\skip90
\cftafterlottitleskip=\skip91
\cftbeforetabskip=\skip92
\cfttabindent=\skip93
\cfttabnumwidth=\skip94
) (c:/texlive/2017/texmf-dist/tex/latex/hyperref/hyperref.sty
Package: hyperref 2017/03/14 v6.85a Hypertext links for LaTeX
 (c:/texlive/2017/texmf-dist/tex/generic/oberdiek/hobsub-hyperref.sty
Package: hobsub-hyperref 2016/05/16 v1.14 Bundle oberdiek, subset hyperref (HO)
 (c:/texlive/2017/texmf-dist/tex/generic/oberdiek/hobsub-generic.sty
Package: hobsub-generic 2016/05/16 v1.14 Bundle oberdiek, subset generic (HO)
Package: hobsub 2016/05/16 v1.14 Construct package bundles (HO)
Package: infwarerr 2016/05/16 v1.4 Providing info/warning/error messages (HO)
Package: ltxcmds 2016/05/16 v1.23 LaTeX kernel commands for general use (HO)
Package: ifluatex 2016/05/16 v1.4 Provides the ifluatex switch (HO)
Package ifluatex Info: LuaTeX not detected.
Package: ifvtex 2016/05/16 v1.6 Detect VTeX and its facilities (HO)
Package ifvtex Info: VTeX not detected.
Package: intcalc 2016/05/16 v1.2 Expandable calculations with integers (HO)
Package: ifpdf 2017/03/15 v3.2 Provides the ifpdf switch
Package: etexcmds 2016/05/16 v1.6 Avoid name clashes with e-TeX commands (HO)
Package etexcmds Info: Could not find \expanded.
(etexcmds)             That can mean that you are not using pdfTeX 1.50 or
(etexcmds)             that some package has redefined \expanded.
(etexcmds)             In the latter case, load this package earlier.
Package: kvsetkeys 2016/05/16 v1.17 Key value parser (HO)
Package: kvdefinekeys 2016/05/16 v1.4 Define keys (HO)
Package: pdftexcmds 2017/03/19 v0.25 Utility functions of pdfTeX for LuaTeX (HO)
Package pdftexcmds Info: LuaTeX not detected.
Package pdftexcmds Info: pdfTeX >= 1.30 not detected.
Package pdftexcmds Info: \pdf@primitive is available.
Package pdftexcmds Info: \pdf@ifprimitive is available.
Package pdftexcmds Info: \pdfdraftmode not found.
Package: pdfescape 2016/05/16 v1.14 Implements pdfTeX's escape features (HO)
Package: bigintcalc 2016/05/16 v1.4 Expandable calculations on big integers (HO)
Package: bitset 2016/05/16 v1.2 Handle bit-vector datatype (HO)
Package: uniquecounter 2016/05/16 v1.3 Provide unlimited unique counter (HO)
)
Package hobsub Info: Skipping package `hobsub' (already loaded).
Package: letltxmacro 2016/05/16 v1.5 Let assignment for LaTeX macros (HO)
Package: hopatch 2016/05/16 v1.3 Wrapper for package hooks (HO)
Package: xcolor-patch 2016/05/16 xcolor patch
Package: atveryend 2016/05/16 v1.9 Hooks at the very end of document (HO)
Package atveryend Info: \enddocument detected (standard20110627).
Package: atbegshi 2016/06/09 v1.18 At begin shipout hook (HO)
Package: refcount 2016/05/16 v3.5 Data extraction from label references (HO)
Package: hycolor 2016/05/16 v1.8 Color options for hyperref/bookmark (HO)
) (c:/texlive/2017/texmf-dist/tex/generic/ifxetex/ifxetex.sty
Package: ifxetex 2010/09/12 v0.6 Provides ifxetex conditional
) (c:/texlive/2017/texmf-dist/tex/latex/oberdiek/auxhook.sty
Package: auxhook 2016/05/16 v1.4 Hooks for auxiliary files (HO)
) (c:/texlive/2017/texmf-dist/tex/latex/oberdiek/kvoptions.sty
Package: kvoptions 2016/05/16 v3.12 Key value format for package options (HO)
)
\@linkdim=\dimen175
\Hy@linkcounter=\count152
\Hy@pagecounter=\count153
 (c:/texlive/2017/texmf-dist/tex/latex/hyperref/pd1enc.def
File: pd1enc.def 2017/03/14 v6.85a Hyperref: PDFDocEncoding definition (HO)
)
\Hy@SavedSpaceFactor=\count154
 (c:/texlive/2017/texmf-dist/tex/latex/latexconfig/hyperref.cfg
File: hyperref.cfg 2002/06/06 v1.2 hyperref configuration of TeXLive
)
Package hyperref Info: Option `unicode' set `true' on input line 4374.
 (c:/texlive/2017/texmf-dist/tex/latex/hyperref/puenc.def
File: puenc.def 2017/03/14 v6.85a Hyperref: PDF Unicode definition (HO)
)
Package hyperref Info: Option `colorlinks' set `true' on input line 4374.
Package hyperref Info: Hyper figures OFF on input line 4498.
Package hyperref Info: Link nesting OFF on input line 4503.
Package hyperref Info: Hyper index ON on input line 4506.
Package hyperref Info: Plain pages OFF on input line 4513.
Package hyperref Info: Backreferencing OFF on input line 4518.
Package hyperref Info: Implicit mode ON; LaTeX internals redefined.
Package hyperref Info: Bookmarks ON on input line 4751.
\c@Hy@tempcnt=\count155
 (c:/texlive/2017/texmf-dist/tex/latex/url/url.sty
\Urlmuskip=\muskip17
Package: url 2013/09/16  ver 3.4  Verb mode for urls, etc.
)
LaTeX Info: Redefining \url on input line 5104.
\XeTeXLinkMargin=\dimen176
\Fld@menulength=\count156
\Field@Width=\dimen177
\Fld@charsize=\dimen178
Package hyperref Info: Hyper figures OFF on input line 6358.
Package hyperref Info: Link nesting OFF on input line 6363.
Package hyperref Info: Hyper index ON on input line 6366.
Package hyperref Info: backreferencing OFF on input line 6373.
Package hyperref Info: Link coloring ON on input line 6376.
Package hyperref Info: Link coloring with OCG OFF on input line 6383.
Package hyperref Info: PDF/A mode OFF on input line 6388.
LaTeX Info: Redefining \ref on input line 6428.
LaTeX Info: Redefining \pageref on input line 6432.
\Hy@abspage=\count157
\c@Item=\count158
\c@Hfootnote=\count159
)

Package hyperref Message: Driver (autodetected): hxetex.

(c:/texlive/2017/texmf-dist/tex/latex/hyperref/hxetex.def
File: hxetex.def 2017/03/14 v6.85a Hyperref driver for XeTeX
 (c:/texlive/2017/texmf-dist/tex/generic/oberdiek/stringenc.sty
Package: stringenc 2016/05/16 v1.11 Convert strings between diff. encodings (HO)
)
\pdfm@box=\box54
\c@Hy@AnnotLevel=\count160
\HyField@AnnotCount=\count161
\Fld@listcount=\count162
\c@bookmark@seq@number=\count163
 (c:/texlive/2017/texmf-dist/tex/latex/oberdiek/rerunfilecheck.sty
Package: rerunfilecheck 2016/05/16 v1.8 Rerun checks for auxiliary files (HO)
Package rerunfilecheck Info: Feature \pdfmdfivesum is not available
(rerunfilecheck)             (e.g. pdfTeX or LuaTeX with package `pdftexcmds').
(rerunfilecheck)             Therefore file contents cannot be checked efficiently
(rerunfilecheck)             and the loading of the package is aborted.
)
\Hy@SectionHShift=\skip95
) (c:/texlive/2017/texmf-dist/tex/latex/animate/animate.sty
Package: animate 2017/05/18 PDF animations from files and inline graphics
 (c:/texlive/2017/texmf-dist/tex/latex/xkeyval/xkeyval.sty
Package: xkeyval 2014/12/03 v2.7a package option processing (HA)
 (c:/texlive/2017/texmf-dist/tex/generic/xkeyval/xkeyval.tex (c:/texlive/2017/texmf-dist/tex/generic/xkeyval/xkvutils.tex
\XKV@toks=\toks19
\XKV@tempa@toks=\toks20
)
\XKV@depth=\count164
File: xkeyval.tex 2014/12/03 v2.7a key=value parser (HA)
)) (c:/texlive/2017/texmf-dist/tex/latex/base/ifthen.sty
Package: ifthen 2014/09/29 v1.1c Standard LaTeX ifthen package (DPC)
) (c:/texlive/2017/texmf-dist/tex/latex/oberdiek/ifdraft.sty
Package: ifdraft 2016/05/16 v1.4 Detect class options draft and final (HO)
) (c:/texlive/2017/texmf-dist/tex/latex/tools/calc.sty
Package: calc 2014/10/28 v4.3 Infix arithmetic (KKT,FJ)
\calc@Acount=\count165
\calc@Bcount=\count166
\calc@Adimen=\dimen179
\calc@Bdimen=\dimen180
\calc@Askip=\skip96
\calc@Bskip=\skip97
LaTeX Info: Redefining \setlength on input line 80.
LaTeX Info: Redefining \addtolength on input line 81.
\calc@Ccount=\count167
\calc@Cskip=\skip98
) (c:/texlive/2017/texmf-dist/tex/latex/media9/pdfbase.sty
Package: pdfbase 2017/03/23 v0.14 driver independent access to low-level PDF features
\g_pbs_page_int=\count168
\g_pbs_obj_int=\count169
\g_pbs_oc_int=\count170
) (c:/texlive/2017/texmf-dist/tex/latex/ocgx2/ocgbase.sty
Package: ocgbase 2017/03/30 v0.10 support package for ocgx2.sty
)
\@anim@box=\box55
\@anim@measbox=\box56
\@anim@tmpdima=\dimen181
\@anim@tmpdimb=\dimen182
\@anim@num=\count171
\@anim@curframe=\count172
\@anim@curframe@zb=\count173
\@anim@resizeflags=\count174
\@anim@skipfram=\count175
\@anim@mulframecnt=\count176
\@anim@@tmlnfile=\read2
\@anim@tmpcnt=\count177
\c@@anim@ltxcnt=\count178
\@anim@curlayer=\count179
\@anim@lineno=\count180
\@anim@curfield=\count181
\@anim@@resizeflags=\count182
) (c:/texlive/2017/texmf-dist/tex/latex/tools/enumerate.sty
Package: enumerate 2015/07/23 v3.00 enumerate extensions (DPC)
\@enLab=\toks21
) (c:/texlive/2017/texmf-dist/tex/latex/fancyhdr/fancyhdr.sty
Package: fancyhdr 2016/09/06 3.8 Extensive control of page headers and footers
\fancy@headwidth=\skip99
\f@ncyO@elh=\skip100
\f@ncyO@erh=\skip101
\f@ncyO@olh=\skip102
\f@ncyO@orh=\skip103
\f@ncyO@elf=\skip104
\f@ncyO@erf=\skip105
\f@ncyO@olf=\skip106
\f@ncyO@orf=\skip107
) (./NOTE_of_MASTER.aux)
\openout1 = `NOTE_of_MASTER.aux'.

LaTeX Font Info:    Checking defaults for OML/cmm/m/it on input line 11.
LaTeX Font Info:    ... okay on input line 11.
LaTeX Font Info:    Checking defaults for T1/cmr/m/n on input line 11.
LaTeX Font Info:    ... okay on input line 11.
LaTeX Font Info:    Checking defaults for OT1/cmr/m/n on input line 11.
LaTeX Font Info:    ... okay on input line 11.
LaTeX Font Info:    Checking defaults for OMS/cmsy/m/n on input line 11.
LaTeX Font Info:    ... okay on input line 11.
LaTeX Font Info:    Checking defaults for TU/lmr/m/n on input line 11.
LaTeX Font Info:    ... okay on input line 11.
LaTeX Font Info:    Checking defaults for OMX/cmex/m/n on input line 11.
LaTeX Font Info:    ... okay on input line 11.
LaTeX Font Info:    Checking defaults for U/cmr/m/n on input line 11.
LaTeX Font Info:    ... okay on input line 11.
LaTeX Font Info:    Checking defaults for TS1/cmr/m/n on input line 11.
LaTeX Font Info:    ... okay on input line 11.
LaTeX Font Info:    Checking defaults for T3/cmr/m/n on input line 11.
LaTeX Font Info:    Try loading font information for T3+cmr on input line 11.
 (c:/texlive/2017/texmf-dist/tex/latex/tipa/t3cmr.fd
File: t3cmr.fd 2001/12/31 TIPA font definitions
)
LaTeX Font Info:    ... okay on input line 11.
LaTeX Font Info:    Checking defaults for PD1/pdf/m/n on input line 11.
LaTeX Font Info:    ... okay on input line 11.
LaTeX Font Info:    Checking defaults for PU/pdf/m/n on input line 11.
LaTeX Font Info:    ... okay on input line 11.
 ABD: EverySelectfont initializing macros
LaTeX Info: Redefining \selectfont on input line 11.
.................................................
. fontspec info: "setup-math"
. 
. Adjusting the maths setup (use [no-math] to avoid this).
.................................................
\symlegacymaths=\mathgroup4
LaTeX Font Info:    Overwriting symbol font `legacymaths' in version `bold'
(Font)                  OT1/cmr/m/n --> OT1/cmr/bx/n on input line 11.
LaTeX Font Info:    Redeclaring math accent \acute on input line 11.
LaTeX Font Info:    Redeclaring math accent \grave on input line 11.
LaTeX Font Info:    Redeclaring math accent \ddot on input line 11.
LaTeX Font Info:    Redeclaring math accent \tilde on input line 11.
LaTeX Font Info:    Redeclaring math accent \bar on input line 11.
LaTeX Font Info:    Redeclaring math accent \breve on input line 11.
LaTeX Font Info:    Redeclaring math accent \check on input line 11.
LaTeX Font Info:    Redeclaring math accent \hat on input line 11.
LaTeX Font Info:    Redeclaring math accent \dot on input line 11.
LaTeX Font Info:    Redeclaring math accent \mathring on input line 11.
LaTeX Font Info:    Redeclaring math symbol \colon on input line 11.
LaTeX Font Info:    Redeclaring math symbol \Gamma on input line 11.
LaTeX Font Info:    Redeclaring math symbol \Delta on input line 11.
LaTeX Font Info:    Redeclaring math symbol \Theta on input line 11.
LaTeX Font Info:    Redeclaring math symbol \Lambda on input line 11.
LaTeX Font Info:    Redeclaring math symbol \Xi on input line 11.
LaTeX Font Info:    Redeclaring math symbol \Pi on input line 11.
LaTeX Font Info:    Redeclaring math symbol \Sigma on input line 11.
LaTeX Font Info:    Redeclaring math symbol \Upsilon on input line 11.
LaTeX Font Info:    Redeclaring math symbol \Phi on input line 11.
LaTeX Font Info:    Redeclaring math symbol \Psi on input line 11.
LaTeX Font Info:    Redeclaring math symbol \Omega on input line 11.
LaTeX Font Info:    Redeclaring math symbol \mathdollar on input line 11.
LaTeX Font Info:    Redeclaring symbol font `operators' on input line 11.
LaTeX Font Info:    Encoding `OT1' has changed to `TU' for symbol font
(Font)              `operators' in the math version `normal' on input line 11.
LaTeX Font Info:    Overwriting symbol font `operators' in version `normal'
(Font)                  OT1/cmr/m/n --> TU/lmr/m/n on input line 11.
LaTeX Font Info:    Encoding `OT1' has changed to `TU' for symbol font
(Font)              `operators' in the math version `bold' on input line 11.
LaTeX Font Info:    Overwriting symbol font `operators' in version `bold'
(Font)                  OT1/cmr/bx/n --> TU/lmr/m/n on input line 11.
LaTeX Font Info:    Overwriting symbol font `operators' in version `normal'
(Font)                  TU/lmr/m/n --> TU/lmr/m/n on input line 11.
LaTeX Font Info:    Overwriting math alphabet `\mathit' in version `normal'
(Font)                  OT1/cmr/m/it --> TU/lmr/m/it on input line 11.
LaTeX Font Info:    Overwriting math alphabet `\mathbf' in version `normal'
(Font)                  OT1/cmr/bx/n --> TU/lmr/bx/n on input line 11.
LaTeX Font Info:    Overwriting math alphabet `\mathsf' in version `normal'
(Font)                  OT1/cmss/m/n --> TU/lmss/m/n on input line 11.
LaTeX Font Info:    Overwriting math alphabet `\mathtt' in version `normal'
(Font)                  OT1/cmtt/m/n --> TU/lmtt/m/n on input line 11.
LaTeX Font Info:    Overwriting symbol font `operators' in version `bold'
(Font)                  TU/lmr/m/n --> TU/lmr/bx/n on input line 11.
LaTeX Font Info:    Overwriting math alphabet `\mathit' in version `bold'
(Font)                  OT1/cmr/bx/it --> TU/lmr/bx/it on input line 11.
LaTeX Font Info:    Overwriting math alphabet `\mathsf' in version `bold'
(Font)                  OT1/cmss/bx/n --> TU/lmss/bx/n on input line 11.
LaTeX Font Info:    Overwriting math alphabet `\mathtt' in version `bold'
(Font)                  OT1/cmtt/m/n --> TU/lmtt/bx/n on input line 11.
\AtBeginShipoutBox=\box57
 (c:/texlive/2017/texmf-dist/tex/latex/graphics/color.sty
Package: color 2016/07/10 v1.1e Standard LaTeX Color (DPC)
LaTeX Info: Redefining \color on input line 86.
 (c:/texlive/2017/texmf-dist/tex/latex/graphics-cfg/color.cfg
File: color.cfg 2016/01/02 v1.6 sample color configuration
)
Package color Info: Driver file: xetex.def on input line 147.
)
Package hyperref Info: Link coloring ON on input line 11.
 (c:/texlive/2017/texmf-dist/tex/latex/hyperref/nameref.sty
Package: nameref 2016/05/21 v2.44 Cross-referencing by name of section
 (c:/texlive/2017/texmf-dist/tex/generic/oberdiek/gettitlestring.sty
Package: gettitlestring 2016/05/16 v1.5 Cleanup title references (HO)
)
\c@section@level=\count183
)
LaTeX Info: Redefining \ref on input line 11.
LaTeX Info: Redefining \pageref on input line 11.
LaTeX Info: Redefining \nameref on input line 11.
 (./NOTE_of_MASTER.out) (./NOTE_of_MASTER.out)
\@outlinefile=\write3
\openout3 = `NOTE_of_MASTER.out'.



Package Fancyhdr Warning: \headheight is too small (12.0pt): 
 Make it at least 12.64723pt.
 We now make it that large for the rest of the document.
 This may cause the page layout to be inconsistent, however.

[1

]

Package Fancyhdr Warning: \headheight is too small (12.0pt): 
 Make it at least 12.64723pt.
 We now make it that large for the rest of the document.
 This may cause the page layout to be inconsistent, however.

[2

] (./NOTE_of_MASTER.toc
LaTeX Font Info:    External font `cmex10' loaded for size
(Font)              <10.53937> on input line 1.
LaTeX Font Info:    External font `cmex10' loaded for size
(Font)              <7> on input line 1.
LaTeX Font Info:    External font `cmex10' loaded for size
(Font)              <5> on input line 1.
)
\tf@toc=\write4
\openout4 = `NOTE_of_MASTER.toc'.

 [3



]
LaTeX Font Info:    Font shape `TU/SimSun(0)/m/sl' in size <10.53937> not available
(Font)              Font shape `TU/SimSun(0)/m/it' tried instead on input line 40.


Package Fancyhdr Warning: \headheight is too small (12.0pt): 
 Make it at least 12.64723pt.
 We now make it that large for the rest of the document.
 This may cause the page layout to be inconsistent, however.

[4

]

[5


]
File: Figure//WOSsearch//1001.jpg Graphic file (type QTm)
 <use  "Figure//WOSsearch//1001.jpg" > <a0,fr0>
File: Figure//WOSsearch//1002.jpg Graphic file (type QTm)
 <use  "Figure//WOSsearch//1002.jpg" > <a0,fr1>
File: Figure//WOSsearch//1003.jpg Graphic file (type QTm)
 <use  "Figure//WOSsearch//1003.jpg" > <a0,fr2>
File: Figure//WOSsearch//1004.jpg Graphic file (type QTm)
 <use  "Figure//WOSsearch//1004.jpg" > <a0,fr3>
File: Figure//WOSsearch//1005.jpg Graphic file (type QTm)
 <use  "Figure//WOSsearch//1005.jpg" > <a0,fr4>
File: Figure//WOSsearch//1006.jpg Graphic file (type QTm)
 <use  "Figure//WOSsearch//1006.jpg" > <a0,fr5>
File: Figure//WOSsearch//1007.jpg Graphic file (type QTm)
 <use  "Figure//WOSsearch//1007.jpg" > <a0,fr6>
File: Figure//WOSsearch//1008.jpg Graphic file (type QTm)
 <use  "Figure//WOSsearch//1008.jpg" > <a0,fr7>
File: Figure//WOSsearch//1009.jpg Graphic file (type QTm)
 <use  "Figure//WOSsearch//1009.jpg" > <a0,fr8>
File: Figure//WOSsearch//1010.jpg Graphic file (type QTm)
 <use  "Figure//WOSsearch//1010.jpg" > <a0,fr9>
File: Figure//WOSsearch//1011.jpg Graphic file (type QTm)
 <use  "Figure//WOSsearch//1011.jpg" > <a0,fr10>
File: Figure//WOSsearch//1012.jpg Graphic file (type QTm)
 <use  "Figure//WOSsearch//1012.jpg" > <a0,fr11>
File: Figure//WOSsearch//1013.jpg Graphic file (type QTm)
 <use  "Figure//WOSsearch//1013.jpg" > <a0,fr12>
File: Figure//WOSsearch//1014.jpg Graphic file (type QTm)
 <use  "Figure//WOSsearch//1014.jpg" > <a0,fr13>
File: Figure//WOSsearch//1015.jpg Graphic file (type QTm)
 <use  "Figure//WOSsearch//1015.jpg" > <a0,fr14>
File: Figure//WOSsearch//1016.jpg Graphic file (type QTm)
 <use  "Figure//WOSsearch//1016.jpg" > <a0,fr15>
File: Figure//WOSsearch//1017.jpg Graphic file (type QTm)
 <use  "Figure//WOSsearch//1017.jpg" > <a0,fr16>
File: Figure//WOSsearch//1018.jpg Graphic file (type QTm)
 <use  "Figure//WOSsearch//1018.jpg" > <a0,fr17>
File: Figure//WOSsearch//1019.jpg Graphic file (type QTm)
 <use  "Figure//WOSsearch//1019.jpg" > <a0,fr18>
File: Figure//WOSsearch//1020.jpg Graphic file (type QTm)
 <use  "Figure//WOSsearch//1020.jpg" > <a0,fr19>
File: Figure//WOSsearch//1021.jpg Graphic file (type QTm)
 <use  "Figure//WOSsearch//1021.jpg" > <a0,fr20>
File: Figure//WOSsearch//1022.jpg Graphic file (type QTm)
 <use  "Figure//WOSsearch//1022.jpg" > <a0,fr21>
File: Figure//WOSsearch//1023.jpg Graphic file (type QTm)
 <use  "Figure//WOSsearch//1023.jpg" > <a0,fr22>
File: Figure//WOSsearch//1024.jpg Graphic file (type QTm)
 <use  "Figure//WOSsearch//1024.jpg" > <a0,fr23>
File: Figure//WOSsearch//1025.jpg Graphic file (type QTm)
 <use  "Figure//WOSsearch//1025.jpg" > <a0,fr24>
File: Figure//WOSsearch//1026.jpg Graphic file (type QTm)
 <use  "Figure//WOSsearch//1026.jpg" > <a0,fr25>
File: Figure//WOSsearch//1027.jpg Graphic file (type QTm)
 <use  "Figure//WOSsearch//1027.jpg" > <a0,fr26>
File: Figure//WOSsearch//1028.jpg Graphic file (type QTm)
 <use  "Figure//WOSsearch//1028.jpg" > <a0,fr27>
File: Figure//WOSsearch//1029.jpg Graphic file (type QTm)
 <use  "Figure//WOSsearch//1029.jpg" > <a0,fr28>
File: Figure//WOSsearch//1030.jpg Graphic file (type QTm)
 <use  "Figure//WOSsearch//1030.jpg" > <a0,fr29>
File: Figure//WOSsearch//1031.jpg Graphic file (type QTm)
 <use  "Figure//WOSsearch//1031.jpg" > <a0,fr30>
File: Figure//WOSsearch//1032.jpg Graphic file (type QTm)
 <use  "Figure//WOSsearch//1032.jpg" > <a0,fr31>
File: Figure//WOSsearch//1033.jpg Graphic file (type QTm)
 <use  "Figure//WOSsearch//1033.jpg" > <a0,fr32>
File: Figure//WOSsearch//1034.jpg Graphic file (type QTm)
 <use  "Figure//WOSsearch//1034.jpg" > <a0,fr33>
File: Figure//WOSsearch//1035.jpg Graphic file (type QTm)
 <use  "Figure//WOSsearch//1035.jpg" > <a0,fr34>
File: Figure//WOSsearch//1036.jpg Graphic file (type QTm)
 <use  "Figure//WOSsearch//1036.jpg" > <a0,fr35>
File: Figure//WOSsearch//1037.jpg Graphic file (type QTm)
 <use  "Figure//WOSsearch//1037.jpg" > <a0,fr36>
File: Figure//WOSsearch//1038.jpg Graphic file (type QTm)
 <use  "Figure//WOSsearch//1038.jpg" > <a0,fr37>
File: Figure//WOSsearch//1039.jpg Graphic file (type QTm)
 <use  "Figure//WOSsearch//1039.jpg" > <a0,fr38>
File: Figure//WOSsearch//1040.jpg Graphic file (type QTm)
 <use  "Figure//WOSsearch//1040.jpg" > <a0,fr39>
File: Figure//WOSsearch//1041.jpg Graphic file (type QTm)
 <use  "Figure//WOSsearch//1041.jpg" > <a0,fr40>
File: Figure//WOSsearch//1042.jpg Graphic file (type QTm)
 <use  "Figure//WOSsearch//1042.jpg" > <a0,fr41>
File: Figure//WOSsearch//1043.jpg Graphic file (type QTm)
 <use  "Figure//WOSsearch//1043.jpg" > <a0,fr42>
File: Figure//WOSsearch//1044.jpg Graphic file (type QTm)
 <use  "Figure//WOSsearch//1044.jpg" > <a0,fr43>
File: Figure//WOSsearch//1045.jpg Graphic file (type QTm)
 <use  "Figure//WOSsearch//1045.jpg" > <a0,fr44>
File: Figure//WOSsearch//1046.jpg Graphic file (type QTm)
 <use  "Figure//WOSsearch//1046.jpg" > <a0,fr45>
File: Figure//WOSsearch//1047.jpg Graphic file (type QTm)
 <use  "Figure//WOSsearch//1047.jpg" > <a0,fr46>
File: Figure//WOSsearch//1048.jpg Graphic file (type QTm)
 <use  "Figure//WOSsearch//1048.jpg" > <a0,fr47>
File: Figure//WOSsearch//1049.jpg Graphic file (type QTm)
 <use  "Figure//WOSsearch//1049.jpg" > <a0,fr48>
File: Figure//WOSsearch//1050.jpg Graphic file (type QTm)
 <use  "Figure//WOSsearch//1050.jpg" > <a0,fr49>
File: Figure//WOSsearch//1051.jpg Graphic file (type QTm)
 <use  "Figure//WOSsearch//1051.jpg" > <a0,fr50>
File: Figure//WOSsearch//1052.jpg Graphic file (type QTm)
 <use  "Figure//WOSsearch//1052.jpg" > <a0,fr51>
File: Figure//WOSsearch//1053.jpg Graphic file (type QTm)
 <use  "Figure//WOSsearch//1053.jpg" > <a0,fr52>
File: Figure//WOSsearch//1054.jpg Graphic file (type QTm)
 <use  "Figure//WOSsearch//1054.jpg" > <a0,fr53>
File: Figure//WOSsearch//1055.jpg Graphic file (type QTm)
 <use  "Figure//WOSsearch//1055.jpg" > <a0,fr54>
File: Figure//WOSsearch//1056.jpg Graphic file (type QTm)
 <use  "Figure//WOSsearch//1056.jpg" > <a0,fr55>
File: Figure//WOSsearch//1057.jpg Graphic file (type QTm)
 <use  "Figure//WOSsearch//1057.jpg" > <a0,fr56>
File: Figure//WOSsearch//1058.jpg Graphic file (type QTm)
 <use  "Figure//WOSsearch//1058.jpg" > <a0,fr57>
File: Figure//WOSsearch//1059.jpg Graphic file (type QTm)
 <use  "Figure//WOSsearch//1059.jpg" > <a0,fr58>
File: Figure//WOSsearch//1060.jpg Graphic file (type QTm)
 <use  "Figure//WOSsearch//1060.jpg" > <a0,fr59>
File: Figure//WOSsearch//1061.jpg Graphic file (type QTm)
 <use  "Figure//WOSsearch//1061.jpg" > <a0,fr60>
File: Figure//WOSsearch//1062.jpg Graphic file (type QTm)
 <use  "Figure//WOSsearch//1062.jpg" > <a0,fr61>
File: Figure//WOSsearch//1063.jpg Graphic file (type QTm)
 <use  "Figure//WOSsearch//1063.jpg" > <a0,fr62>
File: Figure//WOSsearch//1064.jpg Graphic file (type QTm)
 <use  "Figure//WOSsearch//1064.jpg" > <a0,fr63>
File: Figure//WOSsearch//1065.jpg Graphic file (type QTm)
 <use  "Figure//WOSsearch//1065.jpg" > <a0,fr64>
File: Figure//WOSsearch//1066.jpg Graphic file (type QTm)
 <use  "Figure//WOSsearch//1066.jpg" > <a0,fr65>
File: Figure//WOSsearch//1067.jpg Graphic file (type QTm)
 <use  "Figure//WOSsearch//1067.jpg" > <a0,fr66>
File: Figure//WOSsearch//1068.jpg Graphic file (type QTm)
 <use  "Figure//WOSsearch//1068.jpg" > <a0,fr67>
File: Figure//WOSsearch//1069.jpg Graphic file (type QTm)
 <use  "Figure//WOSsearch//1069.jpg" > <a0,fr68>
File: Figure//WOSsearch//1070.jpg Graphic file (type QTm)
 <use  "Figure//WOSsearch//1070.jpg" > <a0,fr69>
File: Figure//WOSsearch//1071.jpg Graphic file (type QTm)
 <use  "Figure//WOSsearch//1071.jpg" > <a0,fr70>
File: Figure//WOSsearch//1072.jpg Graphic file (type QTm)
 <use  "Figure//WOSsearch//1072.jpg" > <a0,fr71>
File: Figure//WOSsearch//1073.jpg Graphic file (type QTm)
 <use  "Figure//WOSsearch//1073.jpg" > <a0,fr72>
File: Figure//WOSsearch//1074.jpg Graphic file (type QTm)
 <use  "Figure//WOSsearch//1074.jpg" > <a0,fr73>
File: Figure//WOSsearch//1075.jpg Graphic file (type QTm)
 <use  "Figure//WOSsearch//1075.jpg" > <a0,fr74>
File: Figure//WOSsearch//1076.jpg Graphic file (type QTm)
 <use  "Figure//WOSsearch//1076.jpg" > <a0,fr75>
File: Figure//WOSsearch//1077.jpg Graphic file (type QTm)
 <use  "Figure//WOSsearch//1077.jpg" > <a0,fr76>
File: Figure//WOSsearch//1078.jpg Graphic file (type QTm)
 <use  "Figure//WOSsearch//1078.jpg" > <a0,fr77>
File: Figure//WOSsearch//1079.jpg Graphic file (type QTm)
 <use  "Figure//WOSsearch//1079.jpg" > <a0,fr78>
File: Figure//WOSsearch//1080.jpg Graphic file (type QTm)
 <use  "Figure//WOSsearch//1080.jpg" > <a0,fr79>
File: Figure//WOSdownload//0001.jpg Graphic file (type QTm)
 <use  "Figure//WOSdownload//0001.jpg" > <a1,fr0>
File: Figure//WOSdownload//0002.jpg Graphic file (type QTm)
 <use  "Figure//WOSdownload//0002.jpg" > <a1,fr1>
File: Figure//WOSdownload//0003.jpg Graphic file (type QTm)
 <use  "Figure//WOSdownload//0003.jpg" > <a1,fr2>
File: Figure//WOSdownload//0004.jpg Graphic file (type QTm)
 <use  "Figure//WOSdownload//0004.jpg" > <a1,fr3>
File: Figure//WOSdownload//0005.jpg Graphic file (type QTm)
 <use  "Figure//WOSdownload//0005.jpg" > <a1,fr4>
File: Figure//WOSdownload//0006.jpg Graphic file (type QTm)
 <use  "Figure//WOSdownload//0006.jpg" > <a1,fr5>
File: Figure//WOSdownload//0007.jpg Graphic file (type QTm)
 <use  "Figure//WOSdownload//0007.jpg" > <a1,fr6>
File: Figure//WOSdownload//0008.jpg Graphic file (type QTm)
 <use  "Figure//WOSdownload//0008.jpg" > <a1,fr7>
File: Figure//WOSdownload//0009.jpg Graphic file (type QTm)
 <use  "Figure//WOSdownload//0009.jpg" > <a1,fr8>
File: Figure//WOSdownload//0010.jpg Graphic file (type QTm)
 <use  "Figure//WOSdownload//0010.jpg" > <a1,fr9>
File: Figure//WOSdownload//0011.jpg Graphic file (type QTm)
 <use  "Figure//WOSdownload//0011.jpg" > <a1,fr10>
File: Figure//WOSdownload//0012.jpg Graphic file (type QTm)
 <use  "Figure//WOSdownload//0012.jpg" > <a1,fr11>
File: Figure//WOSdownload//0013.jpg Graphic file (type QTm)
 <use  "Figure//WOSdownload//0013.jpg" > <a1,fr12>
File: Figure//WOSdownload//0014.jpg Graphic file (type QTm)
 <use  "Figure//WOSdownload//0014.jpg" > <a1,fr13>
File: Figure//WOSdownload//0015.jpg Graphic file (type QTm)
 <use  "Figure//WOSdownload//0015.jpg" > <a1,fr14>
File: Figure//WOSdownload//0016.jpg Graphic file (type QTm)
 <use  "Figure//WOSdownload//0016.jpg" > <a1,fr15>
File: Figure//WOSdownload//0017.jpg Graphic file (type QTm)
 <use  "Figure//WOSdownload//0017.jpg" > <a1,fr16>
File: Figure//WOSdownload//0018.jpg Graphic file (type QTm)
 <use  "Figure//WOSdownload//0018.jpg" > <a1,fr17>
File: Figure//WOSdownload//0019.jpg Graphic file (type QTm)
 <use  "Figure//WOSdownload//0019.jpg" > <a1,fr18>
File: Figure//WOSdownload//0020.jpg Graphic file (type QTm)
 <use  "Figure//WOSdownload//0020.jpg" > <a1,fr19>
File: Figure//WOSdownload//0021.jpg Graphic file (type QTm)
 <use  "Figure//WOSdownload//0021.jpg" > <a1,fr20>
File: Figure//WOSdownload//0022.jpg Graphic file (type QTm)
 <use  "Figure//WOSdownload//0022.jpg" > <a1,fr21>
File: Figure//WOSdownload//0023.jpg Graphic file (type QTm)
 <use  "Figure//WOSdownload//0023.jpg" > <a1,fr22>
File: Figure//WOSdownload//0024.jpg Graphic file (type QTm)
 <use  "Figure//WOSdownload//0024.jpg" > <a1,fr23>
File: Figure//WOSdownload//0025.jpg Graphic file (type QTm)
 <use  "Figure//WOSdownload//0025.jpg" > <a1,fr24>
File: Figure//WOSdownload//0026.jpg Graphic file (type QTm)
 <use  "Figure//WOSdownload//0026.jpg" > <a1,fr25>
File: Figure//WOSdownload//0027.jpg Graphic file (type QTm)
 <use  "Figure//WOSdownload//0027.jpg" > <a1,fr26>
File: Figure//WOSdownload//0028.jpg Graphic file (type QTm)
 <use  "Figure//WOSdownload//0028.jpg" > <a1,fr27>
File: Figure//WOSdownload//0029.jpg Graphic file (type QTm)
 <use  "Figure//WOSdownload//0029.jpg" > <a1,fr28>
File: Figure//WOSdownload//0030.jpg Graphic file (type QTm)
 <use  "Figure//WOSdownload//0030.jpg" > <a1,fr29>
File: Figure//WOSdownload//0031.jpg Graphic file (type QTm)
 <use  "Figure//WOSdownload//0031.jpg" > <a1,fr30>
File: Figure//WOSdownload//0032.jpg Graphic file (type QTm)
 <use  "Figure//WOSdownload//0032.jpg" > <a1,fr31>
File: Figure//WOSdownload//0033.jpg Graphic file (type QTm)
 <use  "Figure//WOSdownload//0033.jpg" > <a1,fr32>
File: Figure//WOSdownload//0034.jpg Graphic file (type QTm)
 <use  "Figure//WOSdownload//0034.jpg" > <a1,fr33>
File: Figure//WOSdownload//0035.jpg Graphic file (type QTm)
 <use  "Figure//WOSdownload//0035.jpg" > <a1,fr34>
File: Figure//WOSdownload//0036.jpg Graphic file (type QTm)
 <use  "Figure//WOSdownload//0036.jpg" > <a1,fr35>
File: Figure//WOSdownload//0037.jpg Graphic file (type QTm)
 <use  "Figure//WOSdownload//0037.jpg" > <a1,fr36>
File: Figure//WOSdownload//0038.jpg Graphic file (type QTm)
 <use  "Figure//WOSdownload//0038.jpg" > <a1,fr37>
File: Figure//WOSdownload//0039.jpg Graphic file (type QTm)
 <use  "Figure//WOSdownload//0039.jpg" > <a1,fr38>
File: Figure//WOSdownload//0040.jpg Graphic file (type QTm)
 <use  "Figure//WOSdownload//0040.jpg" > <a1,fr39>
File: Figure//WOSdownload//0041.jpg Graphic file (type QTm)
 <use  "Figure//WOSdownload//0041.jpg" > <a1,fr40>
File: Figure//WOSdownload//0042.jpg Graphic file (type QTm)
 <use  "Figure//WOSdownload//0042.jpg" > <a1,fr41>
File: Figure//WOSdownload//0043.jpg Graphic file (type QTm)
 <use  "Figure//WOSdownload//0043.jpg" > <a1,fr42>
File: Figure//WOSdownload//0044.jpg Graphic file (type QTm)
 <use  "Figure//WOSdownload//0044.jpg" > <a1,fr43>
File: Figure//WOSdownload//0045.jpg Graphic file (type QTm)
 <use  "Figure//WOSdownload//0045.jpg" > <a1,fr44>
File: Figure//WOSdownload//0046.jpg Graphic file (type QTm)
 <use  "Figure//WOSdownload//0046.jpg" > <a1,fr45>
File: Figure//WOSdownload//0047.jpg Graphic file (type QTm)
 <use  "Figure//WOSdownload//0047.jpg" > <a1,fr46>
File: Figure//WOSdownload//0048.jpg Graphic file (type QTm)
 <use  "Figure//WOSdownload//0048.jpg" > <a1,fr47>
File: Figure//WOSdownload//0049.jpg Graphic file (type QTm)
 <use  "Figure//WOSdownload//0049.jpg" > <a1,fr48>
File: Figure//WOSdownload//0050.jpg Graphic file (type QTm)
 <use  "Figure//WOSdownload//0050.jpg" > <a1,fr49>
File: Figure//WOSdownload//0051.jpg Graphic file (type QTm)
 <use  "Figure//WOSdownload//0051.jpg" > <a1,fr50>
File: Figure//WOSdownload//0052.jpg Graphic file (type QTm)
 <use  "Figure//WOSdownload//0052.jpg" > <a1,fr51>
File: Figure//WOSdownload//0053.jpg Graphic file (type QTm)
 <use  "Figure//WOSdownload//0053.jpg" > <a1,fr52>
File: Figure//WOSdownload//0054.jpg Graphic file (type QTm)
 <use  "Figure//WOSdownload//0054.jpg" > <a1,fr53>
File: Figure//WOSdownload//0055.jpg Graphic file (type QTm)
 <use  "Figure//WOSdownload//0055.jpg" > <a1,fr54>
File: Figure//WOSdownload//0056.jpg Graphic file (type QTm)
 <use  "Figure//WOSdownload//0056.jpg" > <a1,fr55>
File: Figure//WOSdownload//0057.jpg Graphic file (type QTm)
 <use  "Figure//WOSdownload//0057.jpg" > <a1,fr56>
File: Figure//WOSdownload//0058.jpg Graphic file (type QTm)
 <use  "Figure//WOSdownload//0058.jpg" > <a1,fr57>
File: Figure//WOSdownload//0059.jpg Graphic file (type QTm)
 <use  "Figure//WOSdownload//0059.jpg" > <a1,fr58>
File: Figure//WOSdownload//0060.jpg Graphic file (type QTm)
 <use  "Figure//WOSdownload//0060.jpg" > <a1,fr59>
File: Figure//WOSdownload//0061.jpg Graphic file (type QTm)
 <use  "Figure//WOSdownload//0061.jpg" > <a1,fr60>
File: Figure//WOSdownload//0062.jpg Graphic file (type QTm)
 <use  "Figure//WOSdownload//0062.jpg" > <a1,fr61>
File: Figure//WOSdownload//0063.jpg Graphic file (type QTm)
 <use  "Figure//WOSdownload//0063.jpg" > <a1,fr62>
File: Figure//WOSdownload//0064.jpg Graphic file (type QTm)
 <use  "Figure//WOSdownload//0064.jpg" > <a1,fr63>
File: Figure//WOSdownload//0065.jpg Graphic file (type QTm)
 <use  "Figure//WOSdownload//0065.jpg" > <a1,fr64>
File: Figure//WOSdownload//0066.jpg Graphic file (type QTm)
 <use  "Figure//WOSdownload//0066.jpg" > <a1,fr65>
File: Figure//WOSdownload//0067.jpg Graphic file (type QTm)
 <use  "Figure//WOSdownload//0067.jpg" > <a1,fr66>
File: Figure//WOSdownload//0068.jpg Graphic file (type QTm)
 <use  "Figure//WOSdownload//0068.jpg" > <a1,fr67>
File: Figure//WOSdownload//0069.jpg Graphic file (type QTm)
 <use  "Figure//WOSdownload//0069.jpg" > <a1,fr68>
File: Figure//WOSdownload//0070.jpg Graphic file (type QTm)
 <use  "Figure//WOSdownload//0070.jpg" > <a1,fr69>
File: Figure//WOSdownload//0071.jpg Graphic file (type QTm)
 <use  "Figure//WOSdownload//0071.jpg" > <a1,fr70>
File: Figure//WOSdownload//0072.jpg Graphic file (type QTm)
 <use  "Figure//WOSdownload//0072.jpg" > <a1,fr71>
File: Figure//WOSdownload//0073.jpg Graphic file (type QTm)
 <use  "Figure//WOSdownload//0073.jpg" > <a1,fr72>
File: Figure//WOSdownload//0074.jpg Graphic file (type QTm)
 <use  "Figure//WOSdownload//0074.jpg" > <a1,fr73>
File: Figure//WOSdownload//0075.jpg Graphic file (type QTm)
 <use  "Figure//WOSdownload//0075.jpg" > <a1,fr74>
File: Figure//WOSdownload//0076.jpg Graphic file (type QTm)
 <use  "Figure//WOSdownload//0076.jpg" > <a1,fr75>
File: Figure//WOSdownload//0077.jpg Graphic file (type QTm)
 <use  "Figure//WOSdownload//0077.jpg" > <a1,fr76>
File: Figure//WOSdownload//0078.jpg Graphic file (type QTm)
 <use  "Figure//WOSdownload//0078.jpg" > <a1,fr77>
File: Figure//WOSdownload//0079.jpg Graphic file (type QTm)
 <use  "Figure//WOSdownload//0079.jpg" > <a1,fr78>
File: Figure//WOSdownload//0080.jpg Graphic file (type QTm)
 <use  "Figure//WOSdownload//0080.jpg" > <a1,fr79>
File: Figure//WOSdownload//0081.jpg Graphic file (type QTm)
 <use  "Figure//WOSdownload//0081.jpg" > <a1,fr80>
File: Figure//WOSdownload//0082.jpg Graphic file (type QTm)
 <use  "Figure//WOSdownload//0082.jpg" > <a1,fr81>
File: Figure//WOSdownload//0083.jpg Graphic file (type QTm)
 <use  "Figure//WOSdownload//0083.jpg" > <a1,fr82>
File: Figure//WOSdownload//0084.jpg Graphic file (type QTm)
 <use  "Figure//WOSdownload//0084.jpg" > <a1,fr83>
File: Figure//WOSdownload//0085.jpg Graphic file (type QTm)
 <use  "Figure//WOSdownload//0085.jpg" > <a1,fr84>
File: Figure//WOSdownload//0086.jpg Graphic file (type QTm)
 <use  "Figure//WOSdownload//0086.jpg" > <a1,fr85>
File: Figure//WOSdownload//0087.jpg Graphic file (type QTm)
 <use  "Figure//WOSdownload//0087.jpg" > <a1,fr86>
File: Figure//WOSdownload//0088.jpg Graphic file (type QTm)
 <use  "Figure//WOSdownload//0088.jpg" > <a1,fr87>
File: Figure//WOSdownload//0089.jpg Graphic file (type QTm)
 <use  "Figure//WOSdownload//0089.jpg" > <a1,fr88>
File: Figure//WOSdownload//0090.jpg Graphic file (type QTm)
 <use  "Figure//WOSdownload//0090.jpg" > <a1,fr89>
File: Figure//WOSdownload//0091.jpg Graphic file (type QTm)
 <use  "Figure//WOSdownload//0091.jpg" > <a1,fr90>
File: Figure//WOSdownload//0092.jpg Graphic file (type QTm)
 <use  "Figure//WOSdownload//0092.jpg" > <a1,fr91>
File: Figure//WOSdownload//0093.jpg Graphic file (type QTm)
 <use  "Figure//WOSdownload//0093.jpg" > <a1,fr92>
File: Figure//WOSdownload//0094.jpg Graphic file (type QTm)
 <use  "Figure//WOSdownload//0094.jpg" > <a1,fr93>
File: Figure//WOSdownload//0095.jpg Graphic file (type QTm)
 <use  "Figure//WOSdownload//0095.jpg" > <a1,fr94>
File: Figure//WOSdownload//0096.jpg Graphic file (type QTm)
 <use  "Figure//WOSdownload//0096.jpg" > <a1,fr95>
File: Figure//WOSdownload//0097.jpg Graphic file (type QTm)
 <use  "Figure//WOSdownload//0097.jpg" > <a1,fr96>
File: Figure//WOSdownload//0098.jpg Graphic file (type QTm)
 <use  "Figure//WOSdownload//0098.jpg" > <a1,fr97>

Package Fancyhdr Warning: \headheight is too small (12.0pt): 
 Make it at least 12.64723pt.
 We now make it that large for the rest of the document.
 This may cause the page layout to be inconsistent, however.

[6]
File: Figure//Hmaker//0001.jpg Graphic file (type QTm)
 <use  "Figure//Hmaker//0001.jpg" > <a2,fr0>
File: Figure//Hmaker//0002.jpg Graphic file (type QTm)
 <use  "Figure//Hmaker//0002.jpg" > <a2,fr1>
File: Figure//Hmaker//0003.jpg Graphic file (type QTm)
 <use  "Figure//Hmaker//0003.jpg" > <a2,fr2>
File: Figure//Hmaker//0004.jpg Graphic file (type QTm)
 <use  "Figure//Hmaker//0004.jpg" > <a2,fr3>
File: Figure//Hmaker//0005.jpg Graphic file (type QTm)
 <use  "Figure//Hmaker//0005.jpg" > <a2,fr4>
File: Figure//Hmaker//0006.jpg Graphic file (type QTm)
 <use  "Figure//Hmaker//0006.jpg" > <a2,fr5>
File: Figure//Hmaker//0007.jpg Graphic file (type QTm)
 <use  "Figure//Hmaker//0007.jpg" > <a2,fr6>
File: Figure//Hmaker//0008.jpg Graphic file (type QTm)
 <use  "Figure//Hmaker//0008.jpg" > <a2,fr7>
File: Figure//Hmaker//0009.jpg Graphic file (type QTm)
 <use  "Figure//Hmaker//0009.jpg" > <a2,fr8>
File: Figure//Hmaker//0010.jpg Graphic file (type QTm)
 <use  "Figure//Hmaker//0010.jpg" > <a2,fr9>
File: Figure//Hmaker//0011.jpg Graphic file (type QTm)
 <use  "Figure//Hmaker//0011.jpg" > <a2,fr10>
File: Figure//Hmaker//0012.jpg Graphic file (type QTm)
 <use  "Figure//Hmaker//0012.jpg" > <a2,fr11>
File: Figure//Hmaker//0013.jpg Graphic file (type QTm)
 <use  "Figure//Hmaker//0013.jpg" > <a2,fr12>
File: Figure//Hmaker//0014.jpg Graphic file (type QTm)
 <use  "Figure//Hmaker//0014.jpg" > <a2,fr13>
File: Figure//Hmaker//0015.jpg Graphic file (type QTm)
 <use  "Figure//Hmaker//0015.jpg" > <a2,fr14>
File: Figure//Hmaker//0016.jpg Graphic file (type QTm)
 <use  "Figure//Hmaker//0016.jpg" > <a2,fr15>
File: Figure//Hmaker//0017.jpg Graphic file (type QTm)
 <use  "Figure//Hmaker//0017.jpg" > <a2,fr16>
File: Figure//Hmaker//0018.jpg Graphic file (type QTm)
 <use  "Figure//Hmaker//0018.jpg" > <a2,fr17>
File: Figure//Hmaker//0019.jpg Graphic file (type QTm)
 <use  "Figure//Hmaker//0019.jpg" > <a2,fr18>
File: Figure//Hmaker//0020.jpg Graphic file (type QTm)
 <use  "Figure//Hmaker//0020.jpg" > <a2,fr19>
File: Figure//Hmaker//0021.jpg Graphic file (type QTm)
 <use  "Figure//Hmaker//0021.jpg" > <a2,fr20>
File: Figure//Hmaker//0022.jpg Graphic file (type QTm)
 <use  "Figure//Hmaker//0022.jpg" > <a2,fr21>
File: Figure//Hmaker//0023.jpg Graphic file (type QTm)
 <use  "Figure//Hmaker//0023.jpg" > <a2,fr22>
File: Figure//Hmaker//0024.jpg Graphic file (type QTm)
 <use  "Figure//Hmaker//0024.jpg" > <a2,fr23>
File: Figure//Hmaker//0025.jpg Graphic file (type QTm)
 <use  "Figure//Hmaker//0025.jpg" > <a2,fr24>
File: Figure//Hmaker//0026.jpg Graphic file (type QTm)
 <use  "Figure//Hmaker//0026.jpg" > <a2,fr25>
File: Figure//Hmaker//0027.jpg Graphic file (type QTm)
 <use  "Figure//Hmaker//0027.jpg" > <a2,fr26>
File: Figure//Hmaker//0028.jpg Graphic file (type QTm)
 <use  "Figure//Hmaker//0028.jpg" > <a2,fr27> <a2,fr28>
File: Figure//Hmaker//0030.jpg Graphic file (type QTm)
 <use  "Figure//Hmaker//0030.jpg" > <a2,fr29>
File: Figure//Hmaker//0031.jpg Graphic file (type QTm)
 <use  "Figure//Hmaker//0031.jpg" > <a2,fr30> <a2,fr31>
File: Figure//Hmaker//0033.jpg Graphic file (type QTm)
 <use  "Figure//Hmaker//0033.jpg" > <a2,fr32>
File: Figure//Hmaker//0034.jpg Graphic file (type QTm)
 <use  "Figure//Hmaker//0034.jpg" > <a2,fr33>
File: Figure//Hmaker//0035.jpg Graphic file (type QTm)
 <use  "Figure//Hmaker//0035.jpg" > <a2,fr34>
File: Figure//Hmaker//0036.jpg Graphic file (type QTm)
 <use  "Figure//Hmaker//0036.jpg" > <a2,fr35>
File: Figure//Hmaker//0037.jpg Graphic file (type QTm)
 <use  "Figure//Hmaker//0037.jpg" > <a2,fr36>
File: Figure//Hmaker//0038.jpg Graphic file (type QTm)
 <use  "Figure//Hmaker//0038.jpg" > <a2,fr37>
File: Figure//Hmaker//0039.jpg Graphic file (type QTm)
 <use  "Figure//Hmaker//0039.jpg" > <a2,fr38>
File: Figure//Hmaker//0040.jpg Graphic file (type QTm)
 <use  "Figure//Hmaker//0040.jpg" > <a2,fr39>
File: Figure//Hmaker//0041.jpg Graphic file (type QTm)
 <use  "Figure//Hmaker//0041.jpg" > <a2,fr40>
File: Figure//Hmaker//0042.jpg Graphic file (type QTm)
 <use  "Figure//Hmaker//0042.jpg" > <a2,fr41>
File: Figure//Hmaker//0043.jpg Graphic file (type QTm)
 <use  "Figure//Hmaker//0043.jpg" > <a2,fr42>
File: Figure//Hmaker//0044.jpg Graphic file (type QTm)
 <use  "Figure//Hmaker//0044.jpg" > <a2,fr43>
File: Figure//Hmaker//0045.jpg Graphic file (type QTm)
 <use  "Figure//Hmaker//0045.jpg" > <a2,fr44>
File: Figure//Hmaker//0046.jpg Graphic file (type QTm)
 <use  "Figure//Hmaker//0046.jpg" > <a2,fr45>
File: Figure//Hmaker//0047.jpg Graphic file (type QTm)
 <use  "Figure//Hmaker//0047.jpg" > <a2,fr46>
File: Figure//Hmaker//0048.jpg Graphic file (type QTm)
 <use  "Figure//Hmaker//0048.jpg" > <a2,fr47>
File: Figure//Hmaker//0049.jpg Graphic file (type QTm)
 <use  "Figure//Hmaker//0049.jpg" > <a2,fr48>
File: Figure//Hmaker//0050.jpg Graphic file (type QTm)
 <use  "Figure//Hmaker//0050.jpg" > <a2,fr49>
File: Figure//Hmaker//0051.jpg Graphic file (type QTm)
 <use  "Figure//Hmaker//0051.jpg" > <a2,fr50>
File: Figure//Hmaker//0052.jpg Graphic file (type QTm)
 <use  "Figure//Hmaker//0052.jpg" > <a2,fr51>
File: Figure//Hmaker//0053.jpg Graphic file (type QTm)
 <use  "Figure//Hmaker//0053.jpg" > <a2,fr52>
File: Figure//Hmaker//0054.jpg Graphic file (type QTm)
 <use  "Figure//Hmaker//0054.jpg" > <a2,fr53>
File: Figure//Hmaker//0055.jpg Graphic file (type QTm)
 <use  "Figure//Hmaker//0055.jpg" > <a2,fr54>
File: Figure//Hmaker//0056.jpg Graphic file (type QTm)
 <use  "Figure//Hmaker//0056.jpg" > <a2,fr55>
File: Figure//Hmaker//0057.jpg Graphic file (type QTm)
 <use  "Figure//Hmaker//0057.jpg" > <a2,fr56>
File: Figure//Hmaker//0058.jpg Graphic file (type QTm)
 <use  "Figure//Hmaker//0058.jpg" > <a2,fr57>
File: Figure//Hmaker//0059.jpg Graphic file (type QTm)
 <use  "Figure//Hmaker//0059.jpg" > <a2,fr58>
File: Figure//Hmaker//0060.jpg Graphic file (type QTm)
 <use  "Figure//Hmaker//0060.jpg" > <a2,fr59>
File: Figure//Hmaker//0061.jpg Graphic file (type QTm)
 <use  "Figure//Hmaker//0061.jpg" > <a2,fr60>
File: Figure//Hmaker//0062.jpg Graphic file (type QTm)
 <use  "Figure//Hmaker//0062.jpg" > <a2,fr61>
File: Figure//Hmaker//0063.jpg Graphic file (type QTm)
 <use  "Figure//Hmaker//0063.jpg" > <a2,fr62>
File: Figure//Hmaker//0064.jpg Graphic file (type QTm)
 <use  "Figure//Hmaker//0064.jpg" > <a2,fr63>
File: Figure//Hmaker//0065.jpg Graphic file (type QTm)
 <use  "Figure//Hmaker//0065.jpg" > <a2,fr64>
File: Figure//Hmaker//0066.jpg Graphic file (type QTm)
 <use  "Figure//Hmaker//0066.jpg" > <a2,fr65>
File: Figure//Hmaker//0067.jpg Graphic file (type QTm)
 <use  "Figure//Hmaker//0067.jpg" > <a2,fr66>
File: Figure//Hmaker//0068.jpg Graphic file (type QTm)
 <use  "Figure//Hmaker//0068.jpg" > <a2,fr67>
File: Figure//Hmaker//0069.jpg Graphic file (type QTm)
 <use  "Figure//Hmaker//0069.jpg" > <a2,fr68>
File: Figure//Hmaker//0070.jpg Graphic file (type QTm)
 <use  "Figure//Hmaker//0070.jpg" > <a2,fr69>
File: Figure//Hmaker//0071.jpg Graphic file (type QTm)
 <use  "Figure//Hmaker//0071.jpg" > <a2,fr70>
File: Figure//Hmaker//0072.jpg Graphic file (type QTm)
 <use  "Figure//Hmaker//0072.jpg" > <a2,fr71>
File: Figure//Hmaker//0073.jpg Graphic file (type QTm)
 <use  "Figure//Hmaker//0073.jpg" > <a2,fr72>

Package Fancyhdr Warning: \headheight is too small (12.0pt): 
 Make it at least 12.64723pt.
 We now make it that large for the rest of the document.
 This may cause the page layout to be inconsistent, however.

[7]
File: Figure/typical_trace.JPG Graphic file (type QTm)
 <use  "Figure/typical_trace.JPG" >

Package Fancyhdr Warning: \headheight is too small (12.0pt): 
 Make it at least 12.64723pt.
 We now make it that large for the rest of the document.
 This may cause the page layout to be inconsistent, however.

[8]

Package Fancyhdr Warning: \headheight is too small (12.0pt): 
 Make it at least 12.64723pt.
 We now make it that large for the rest of the document.
 This may cause the page layout to be inconsistent, however.

[9]

Package Fancyhdr Warning: \headheight is too small (12.0pt): 
 Make it at least 12.64723pt.
 We now make it that large for the rest of the document.
 This may cause the page layout to be inconsistent, however.

[10

]

File: Figure/workflow.pdf Graphic file (type QTm)
<use  "Figure/workflow.pdf" >
Underfull \vbox (badness 10000) has occurred while \output is active []

 [11]
Underfull \vbox (badness 10000) has occurred while \output is active []



Package Fancyhdr Warning: \headheight is too small (12.0pt): 
 Make it at least 12.64723pt.
 We now make it that large for the rest of the document.
 This may cause the page layout to be inconsistent, however.

[12]
File: Figure//Fig2//1001.jpg Graphic file (type QTm)
 <use  "Figure//Fig2//1001.jpg" > <a3,fr0>
File: Figure//Fig2//1002.jpg Graphic file (type QTm)
 <use  "Figure//Fig2//1002.jpg" > <a3,fr1>
File: Figure//Fig2//1003.jpg Graphic file (type QTm)
 <use  "Figure//Fig2//1003.jpg" > <a3,fr2>
File: Figure//Fig2//1004.jpg Graphic file (type QTm)
 <use  "Figure//Fig2//1004.jpg" > <a3,fr3>
File: Figure//Fig2//1005.jpg Graphic file (type QTm)
 <use  "Figure//Fig2//1005.jpg" > <a3,fr4>
File: Figure//Fig2//1006.jpg Graphic file (type QTm)
 <use  "Figure//Fig2//1006.jpg" > <a3,fr5>
File: Figure//Fig2//1007.jpg Graphic file (type QTm)
 <use  "Figure//Fig2//1007.jpg" > <a3,fr6>
File: Figure//Fig2//1008.jpg Graphic file (type QTm)
 <use  "Figure//Fig2//1008.jpg" > <a3,fr7>
File: Figure//Fig2//1009.jpg Graphic file (type QTm)
 <use  "Figure//Fig2//1009.jpg" > <a3,fr8>
File: Figure//Fig2//1010.jpg Graphic file (type QTm)
 <use  "Figure//Fig2//1010.jpg" > <a3,fr9>
File: Figure//Fig2//1011.jpg Graphic file (type QTm)
 <use  "Figure//Fig2//1011.jpg" > <a3,fr10>
File: Figure//Fig2//1012.jpg Graphic file (type QTm)
 <use  "Figure//Fig2//1012.jpg" > <a3,fr11>
File: Figure//Fig2//1013.jpg Graphic file (type QTm)
 <use  "Figure//Fig2//1013.jpg" > <a3,fr12>
File: Figure//Fig2//1014.jpg Graphic file (type QTm)
 <use  "Figure//Fig2//1014.jpg" > <a3,fr13>
File: Figure//Fig2//1015.jpg Graphic file (type QTm)
 <use  "Figure//Fig2//1015.jpg" > <a3,fr14>
File: Figure//Fig2//1016.jpg Graphic file (type QTm)
 <use  "Figure//Fig2//1016.jpg" > <a3,fr15>
File: Figure//Fig2//1017.jpg Graphic file (type QTm)
 <use  "Figure//Fig2//1017.jpg" > <a3,fr16>
File: Figure//Fig2//1018.jpg Graphic file (type QTm)
 <use  "Figure//Fig2//1018.jpg" > <a3,fr17>
File: Figure//Fig2//1019.jpg Graphic file (type QTm)
 <use  "Figure//Fig2//1019.jpg" > <a3,fr18>
Underfull \vbox (badness 1975) has occurred while \output is active []



Package Fancyhdr Warning: \headheight is too small (12.0pt): 
 Make it at least 12.64723pt.
 We now make it that large for the rest of the document.
 This may cause the page layout to be inconsistent, however.

[13]

Package Fancyhdr Warning: \headheight is too small (12.0pt): 
 Make it at least 12.64723pt.
 We now make it that large for the rest of the document.
 This may cause the page layout to be inconsistent, however.

[14] [15

]
Package atveryend Info: Empty hook `BeforeClearDocument' on input line 226.


Package Fancyhdr Warning: \headheight is too small (12.0pt): 
 Make it at least 12.64723pt.
 We now make it that large for the rest of the document.
 This may cause the page layout to be inconsistent, however.

[16]
Package atveryend Info: Empty hook `AfterLastShipout' on input line 226.
 (./NOTE_of_MASTER.aux)
Package atveryend Info: Empty hook `AtVeryEndDocument' on input line 226.
Package atveryend Info: Empty hook `AtEndAfterFileList' on input line 226.
Package atveryend Info: Empty hook `AtVeryVeryEnd' on input line 226.
 ) 
Here is how much of TeX's memory you used:
 28324 strings out of 493005
 557973 string characters out of 6137955
 826317 words of memory out of 5000000
 31864 multiletter control sequences out of 15000+600000
 5270 words of font info for 50 fonts, out of 8000000 for 9000
 1348 hyphenation exceptions out of 8191
 57i,11n,68p,10473b,449s stack positions out of 5000i,500n,10000p,200000b,80000s

Output written on NOTE_of_MASTER.pdf (16 pages).
