\BOOKMARK [1][-]{section.0.1}{\376\377\137\353\220\037\142\223\117\117\170\024\172\166\160\355\160\271}{}% 1
\BOOKMARK [2][-]{subsection.0.1.1}{\376\377\117\040\176\337\145\271\137\017}{section.0.1}% 2
\BOOKMARK [2][-]{subsection.0.1.2}{\376\377\217\205\122\251\135\345\121\167}{section.0.1}% 3
\BOOKMARK [1][-]{section.0.2}{\376\377\136\070\165\050\177\121\172\331}{}% 4
\BOOKMARK [1][-]{section.0.3}{\376\377\000C\000O\000M\000S\000O\000L}{}% 5
\BOOKMARK [1][-]{section.0.4}{\376\377\127\372\147\054}{}% 6
\BOOKMARK [2][-]{subsection.0.4.1}{\376\377\147\100\153\322\000+\127\203\127\076\145\164\164\006\000+\174\373\176\337\117\030\123\026}{section.0.4}% 7
\BOOKMARK [2][-]{subsection.0.4.2}{\376\377\123\170\217\175\174\173}{section.0.4}% 8
\BOOKMARK [2][-]{subsection.0.4.3}{\376\377\116\013\217\175}{section.0.4}% 9
\BOOKMARK [2][-]{subsection.0.4.4}{\376\377\122\066\117\134\145\207\150\143\174\173}{section.0.4}% 10
\BOOKMARK [2][-]{subsection.0.4.5}{\376\377\000C\000h\000r\000o\000m\000e\143\322\116\366\174\173}{section.0.4}% 11
\BOOKMARK [2][-]{subsection.0.4.6}{\376\377\136\070\165\050\177\121\172\331}{section.0.4}% 12
\BOOKMARK [1][-]{section.0.5}{\376\377\213\272\145\207\121\231\117\134}{}% 13
\BOOKMARK [2][-]{subsection.0.5.1}{\376\377\122\066\117\134\145\207\150\143\174\173}{section.0.5}% 14
\BOOKMARK [2][-]{subsection.0.5.2}{\376\377\000C\000h\000r\000o\000m\000e\143\322\116\366\174\173}{section.0.5}% 15
\BOOKMARK [2][-]{subsection.0.5.3}{\376\377\202\361\213\355\121\231\117\134}{section.0.5}% 16
\BOOKMARK [2][-]{subsection.0.5.4}{\376\377\171\321\170\024\136\070\165\050\177\121\172\331}{section.0.5}% 17
\BOOKMARK [2][-]{subsection.0.5.5}{\376\377\176\330\126\376}{section.0.5}% 18
\BOOKMARK [1][-]{section.0.6}{\376\377\121\166\116\326}{}% 19
\BOOKMARK [1][-]{section.0.7}{\376\377\147\000\134\017\221\115\177\156}{}% 20
\BOOKMARK [0][-]{chapter*.4}{\376\377\215\313}{}% 21
\BOOKMARK [0][-]{appendix*.8}{\376\377\226\104\137\125\000\040\000A}{}% 22
\BOOKMARK [1][-]{section.Alph0.1}{\376\377\145\207\163\056\121\231\117\134}{appendix*.8}% 23
\BOOKMARK [2][-]{subsection.Alph0.1.1}{\376\377\121\231\117\134\135\345\121\167}{section.Alph0.1}% 24
\BOOKMARK [2][-]{subsection.Alph0.1.2}{\376\377\121\231\117\134\155\101\172\013}{section.Alph0.1}% 25
\BOOKMARK [2][-]{subsection.Alph0.1.3}{\376\377\123\302\200\003\145\207\163\056}{section.Alph0.1}% 26
